2017-11-06 11:28:27.750  INFO 5268 --- [main] com.Application                          : No active profile set, falling back to default profiles: default
2017-11-06 11:28:27.768  INFO 5268 --- [main] ationConfigEmbeddedWebApplicationContext : Refreshing org.springframework.boot.context.embedded.AnnotationConfigEmbeddedWebApplicationContext@521ccf01: startup date [Mon Nov 06 11:28:27 CST 2017]; parent: org.springframework.context.annotation.AnnotationConfigApplicationContext@292321ca
2017-11-06 11:28:31.583  INFO 5268 --- [main] o.s.cloud.context.scope.GenericScope     : BeanFactory id=cd82f045-fb91-340a-b90d-0e09640d7b27
2017-11-06 11:28:31.606  INFO 5268 --- [main] f.a.AutowiredAnnotationBeanPostProcessor : JSR-330 'javax.inject.Inject' annotation found and supported for autowiring
2017-11-06 11:28:31.627  INFO 5268 --- [main] trationDelegate$BeanPostProcessorChecker : Bean 'com.web.DcClient' of type [org.springframework.cloud.netflix.feign.FeignClientFactoryBean] is not eligible for getting processed by all BeanPostProcessors (for example: not eligible for auto-proxying)
2017-11-06 11:28:31.735  INFO 5268 --- [main] trationDelegate$BeanPostProcessorChecker : Bean 'org.springframework.cloud.netflix.metrics.MetricsInterceptorConfiguration$MetricsRestTemplateConfiguration' of type [org.springframework.cloud.netflix.metrics.MetricsInterceptorConfiguration$MetricsRestTemplateConfiguration$$EnhancerBySpringCGLIB$$9b552e52] is not eligible for getting processed by all BeanPostProcessors (for example: not eligible for auto-proxying)
2017-11-06 11:28:31.821  INFO 5268 --- [main] trationDelegate$BeanPostProcessorChecker : Bean 'org.springframework.cloud.autoconfigure.ConfigurationPropertiesRebinderAutoConfiguration' of type [org.springframework.cloud.autoconfigure.ConfigurationPropertiesRebinderAutoConfiguration$$EnhancerBySpringCGLIB$$85428b0e] is not eligible for getting processed by all BeanPostProcessors (for example: not eligible for auto-proxying)
2017-11-06 11:28:32.074  INFO 5268 --- [main] s.b.c.e.t.TomcatEmbeddedServletContainer : Tomcat initialized with port(s): 2103 (http)
2017-11-06 11:28:32.084  INFO 5268 --- [main] o.apache.catalina.core.StandardService   : Starting service Tomcat
2017-11-06 11:28:32.085  INFO 5268 --- [main] org.apache.catalina.core.StandardEngine  : Starting Servlet Engine: Apache Tomcat/8.5.14
2017-11-06 11:28:32.219  INFO 5268 --- [localhost-startStop-1] o.a.c.c.C.[Tomcat].[localhost].[/]       : Initializing Spring embedded WebApplicationContext
2017-11-06 11:28:32.219  INFO 5268 --- [localhost-startStop-1] o.s.web.context.ContextLoader            : Root WebApplicationContext: initialization completed in 4451 ms
2017-11-06 11:28:32.435  INFO 5268 --- [localhost-startStop-1] o.s.b.w.servlet.ServletRegistrationBean  : Mapping servlet: 'dispatcherServlet' to [/]
2017-11-06 11:28:32.439  INFO 5268 --- [localhost-startStop-1] o.s.b.w.servlet.FilterRegistrationBean   : Mapping filter: 'metricsFilter' to: [/*]
2017-11-06 11:28:32.439  INFO 5268 --- [localhost-startStop-1] o.s.b.w.servlet.FilterRegistrationBean   : Mapping filter: 'characterEncodingFilter' to: [/*]
2017-11-06 11:28:32.439  INFO 5268 --- [localhost-startStop-1] o.s.b.w.servlet.FilterRegistrationBean   : Mapping filter: 'hiddenHttpMethodFilter' to: [/*]
2017-11-06 11:28:32.439  INFO 5268 --- [localhost-startStop-1] o.s.b.w.servlet.FilterRegistrationBean   : Mapping filter: 'httpPutFormContentFilter' to: [/*]
2017-11-06 11:28:32.439  INFO 5268 --- [localhost-startStop-1] o.s.b.w.servlet.FilterRegistrationBean   : Mapping filter: 'requestContextFilter' to: [/*]
2017-11-06 11:28:32.440  INFO 5268 --- [localhost-startStop-1] o.s.b.w.servlet.FilterRegistrationBean   : Mapping filter: 'webRequestLoggingFilter' to: [/*]
2017-11-06 11:28:32.440  INFO 5268 --- [localhost-startStop-1] o.s.b.w.servlet.FilterRegistrationBean   : Mapping filter: 'applicationContextIdFilter' to: [/*]
2017-11-06 11:28:32.490  INFO 5268 --- [main] s.c.a.AnnotationConfigApplicationContext : Refreshing org.springframework.context.annotation.AnnotationConfigApplicationContext@27eb679c: startup date [Mon Nov 06 11:28:32 CST 2017]; parent: org.springframework.boot.context.embedded.AnnotationConfigEmbeddedWebApplicationContext@521ccf01
2017-11-06 11:28:32.511  INFO 5268 --- [main] f.a.AutowiredAnnotationBeanPostProcessor : JSR-330 'javax.inject.Inject' annotation found and supported for autowiring
2017-11-06 11:28:33.303  INFO 5268 --- [main] s.w.s.m.m.a.RequestMappingHandlerAdapter : Looking for @ControllerAdvice: org.springframework.boot.context.embedded.AnnotationConfigEmbeddedWebApplicationContext@521ccf01: startup date [Mon Nov 06 11:28:27 CST 2017]; parent: org.springframework.context.annotation.AnnotationConfigApplicationContext@292321ca
2017-11-06 11:28:33.413  INFO 5268 --- [main] s.w.s.m.m.a.RequestMappingHandlerMapping : Mapped "{[/consumer],methods=[GET]}" onto public java.lang.String com.web.DcController.dc()
2017-11-06 11:28:33.420  INFO 5268 --- [main] s.w.s.m.m.a.RequestMappingHandlerMapping : Mapped "{[/error]}" onto public org.springframework.http.ResponseEntity<java.util.Map<java.lang.String, java.lang.Object>> org.springframework.boot.autoconfigure.web.BasicErrorController.error(javax.servlet.http.HttpServletRequest)
2017-11-06 11:28:33.421  INFO 5268 --- [main] s.w.s.m.m.a.RequestMappingHandlerMapping : Mapped "{[/error],produces=[text/html]}" onto public org.springframework.web.servlet.ModelAndView org.springframework.boot.autoconfigure.web.BasicErrorController.errorHtml(javax.servlet.http.HttpServletRequest,javax.servlet.http.HttpServletResponse)
2017-11-06 11:28:33.489  INFO 5268 --- [main] o.s.w.s.handler.SimpleUrlHandlerMapping  : Mapped URL path [/webjars/**] onto handler of type [class org.springframework.web.servlet.resource.ResourceHttpRequestHandler]
2017-11-06 11:28:33.489  INFO 5268 --- [main] o.s.w.s.handler.SimpleUrlHandlerMapping  : Mapped URL path [/**] onto handler of type [class org.springframework.web.servlet.resource.ResourceHttpRequestHandler]
2017-11-06 11:28:33.545  INFO 5268 --- [main] o.s.w.s.handler.SimpleUrlHandlerMapping  : Mapped URL path [/**/favicon.ico] onto handler of type [class org.springframework.web.servlet.resource.ResourceHttpRequestHandler]
2017-11-06 11:28:34.265  INFO 5268 --- [main] o.s.b.a.e.mvc.EndpointHandlerMapping     : Mapped "{[/loggers/{name:.*}],methods=[GET],produces=[application/vnd.spring-boot.actuator.v1+json || application/json]}" onto public java.lang.Object org.springframework.boot.actuate.endpoint.mvc.LoggersMvcEndpoint.get(java.lang.String)
2017-11-06 11:28:34.265  INFO 5268 --- [main] o.s.b.a.e.mvc.EndpointHandlerMapping     : Mapped "{[/loggers/{name:.*}],methods=[POST],consumes=[application/vnd.spring-boot.actuator.v1+json || application/json],produces=[application/vnd.spring-boot.actuator.v1+json || application/json]}" onto public java.lang.Object org.springframework.boot.actuate.endpoint.mvc.LoggersMvcEndpoint.set(java.lang.String,java.util.Map<java.lang.String, java.lang.String>)
2017-11-06 11:28:34.266  INFO 5268 --- [main] o.s.b.a.e.mvc.EndpointHandlerMapping     : Mapped "{[/loggers || /loggers.json],methods=[GET],produces=[application/vnd.spring-boot.actuator.v1+json || application/json]}" onto public java.lang.Object org.springframework.boot.actuate.endpoint.mvc.EndpointMvcAdapter.invoke()
2017-11-06 11:28:34.266  INFO 5268 --- [main] o.s.b.a.e.mvc.EndpointHandlerMapping     : Mapped "{[/mappings || /mappings.json],methods=[GET],produces=[application/vnd.spring-boot.actuator.v1+json || application/json]}" onto public java.lang.Object org.springframework.boot.actuate.endpoint.mvc.EndpointMvcAdapter.invoke()
2017-11-06 11:28:34.268  INFO 5268 --- [main] o.s.b.a.e.mvc.EndpointHandlerMapping     : Mapped "{[/logfile || /logfile.json],methods=[GET || HEAD]}" onto public void org.springframework.boot.actuate.endpoint.mvc.LogFileMvcEndpoint.invoke(javax.servlet.http.HttpServletRequest,javax.servlet.http.HttpServletResponse) throws javax.servlet.ServletException,java.io.IOException
2017-11-06 11:28:34.268  INFO 5268 --- [main] o.s.b.a.e.mvc.EndpointHandlerMapping     : Mapped "{[/service-registry/instance-status],methods=[GET]}" onto public org.springframework.http.ResponseEntity org.springframework.cloud.client.serviceregistry.endpoint.ServiceRegistryEndpoint.getStatus()
2017-11-06 11:28:34.269  INFO 5268 --- [main] o.s.b.a.e.mvc.EndpointHandlerMapping     : Mapped "{[/service-registry/instance-status],methods=[POST]}" onto public org.springframework.http.ResponseEntity<?> org.springframework.cloud.client.serviceregistry.endpoint.ServiceRegistryEndpoint.setStatus(java.lang.String)
2017-11-06 11:28:34.270  INFO 5268 --- [main] o.s.b.a.e.mvc.EndpointHandlerMapping     : Mapped "{[/features || /features.json],methods=[GET],produces=[application/vnd.spring-boot.actuator.v1+json || application/json]}" onto public java.lang.Object org.springframework.boot.actuate.endpoint.mvc.EndpointMvcAdapter.invoke()
2017-11-06 11:28:34.271  INFO 5268 --- [main] o.s.b.a.e.mvc.EndpointHandlerMapping     : Mapped "{[/restart || /restart.json],methods=[POST]}" onto public java.lang.Object org.springframework.cloud.context.restart.RestartMvcEndpoint.invoke()
2017-11-06 11:28:34.273  INFO 5268 --- [main] o.s.b.a.e.mvc.EndpointHandlerMapping     : Mapped "{[/auditevents || /auditevents.json],methods=[GET],produces=[application/vnd.spring-boot.actuator.v1+json || application/json]}" onto public org.springframework.http.ResponseEntity<?> org.springframework.boot.actuate.endpoint.mvc.AuditEventsMvcEndpoint.findByPrincipalAndAfterAndType(java.lang.String,java.util.Date,java.lang.String)
2017-11-06 11:28:34.274  INFO 5268 --- [main] o.s.b.a.e.mvc.EndpointHandlerMapping     : Mapped "{[/health || /health.json],methods=[GET],produces=[application/vnd.spring-boot.actuator.v1+json || application/json]}" onto public java.lang.Object org.springframework.boot.actuate.endpoint.mvc.HealthMvcEndpoint.invoke(javax.servlet.http.HttpServletRequest,java.security.Principal)
2017-11-06 11:28:34.276  INFO 5268 --- [main] o.s.b.a.e.mvc.EndpointHandlerMapping     : Mapped "{[/configprops || /configprops.json],methods=[GET],produces=[application/vnd.spring-boot.actuator.v1+json || application/json]}" onto public java.lang.Object org.springframework.boot.actuate.endpoint.mvc.EndpointMvcAdapter.invoke()
2017-11-06 11:28:34.277  INFO 5268 --- [main] o.s.b.a.e.mvc.EndpointHandlerMapping     : Mapped "{[/info || /info.json],methods=[GET],produces=[application/vnd.spring-boot.actuator.v1+json || application/json]}" onto public java.lang.Object org.springframework.boot.actuate.endpoint.mvc.EndpointMvcAdapter.invoke()
2017-11-06 11:28:34.278  INFO 5268 --- [main] o.s.b.a.e.mvc.EndpointHandlerMapping     : Mapped "{[/env],methods=[POST]}" onto public java.lang.Object org.springframework.cloud.context.environment.EnvironmentManagerMvcEndpoint.value(java.util.Map<java.lang.String, java.lang.String>)
2017-11-06 11:28:34.281  INFO 5268 --- [main] o.s.b.a.e.mvc.EndpointHandlerMapping     : Mapped "{[/env/reset],methods=[POST]}" onto public java.util.Map<java.lang.String, java.lang.Object> org.springframework.cloud.context.environment.EnvironmentManagerMvcEndpoint.reset()
2017-11-06 11:28:34.283  INFO 5268 --- [main] o.s.b.a.e.mvc.EndpointHandlerMapping     : Mapped "{[/archaius || /archaius.json],methods=[GET],produces=[application/vnd.spring-boot.actuator.v1+json || application/json]}" onto public java.lang.Object org.springframework.boot.actuate.endpoint.mvc.EndpointMvcAdapter.invoke()
2017-11-06 11:28:34.285  INFO 5268 --- [main] o.s.b.a.e.mvc.EndpointHandlerMapping     : Mapped "{[/refresh || /refresh.json],methods=[POST]}" onto public java.lang.Object org.springframework.cloud.endpoint.GenericPostableMvcEndpoint.invoke()
2017-11-06 11:28:34.286  INFO 5268 --- [main] o.s.b.a.e.mvc.EndpointHandlerMapping     : Mapped "{[/heapdump || /heapdump.json],methods=[GET],produces=[application/octet-stream]}" onto public void org.springframework.boot.actuate.endpoint.mvc.HeapdumpMvcEndpoint.invoke(boolean,javax.servlet.http.HttpServletRequest,javax.servlet.http.HttpServletResponse) throws java.io.IOException,javax.servlet.ServletException
2017-11-06 11:28:34.288  INFO 5268 --- [main] o.s.b.a.e.mvc.EndpointHandlerMapping     : Mapped "{[/pause || /pause.json],methods=[POST]}" onto public java.lang.Object org.springframework.cloud.endpoint.GenericPostableMvcEndpoint.invoke()
2017-11-06 11:28:34.290  INFO 5268 --- [main] o.s.b.a.e.mvc.EndpointHandlerMapping     : Mapped "{[/metrics/{name:.*}],methods=[GET],produces=[application/vnd.spring-boot.actuator.v1+json || application/json]}" onto public java.lang.Object org.springframework.boot.actuate.endpoint.mvc.MetricsMvcEndpoint.value(java.lang.String)
2017-11-06 11:28:34.290  INFO 5268 --- [main] o.s.b.a.e.mvc.EndpointHandlerMapping     : Mapped "{[/metrics || /metrics.json],methods=[GET],produces=[application/vnd.spring-boot.actuator.v1+json || application/json]}" onto public java.lang.Object org.springframework.boot.actuate.endpoint.mvc.EndpointMvcAdapter.invoke()
2017-11-06 11:28:34.292  INFO 5268 --- [main] o.s.b.a.e.mvc.EndpointHandlerMapping     : Mapped "{[/env/{name:.*}],methods=[GET],produces=[application/vnd.spring-boot.actuator.v1+json || application/json]}" onto public java.lang.Object org.springframework.boot.actuate.endpoint.mvc.EnvironmentMvcEndpoint.value(java.lang.String)
2017-11-06 11:28:34.293  INFO 5268 --- [main] o.s.b.a.e.mvc.EndpointHandlerMapping     : Mapped "{[/env || /env.json],methods=[GET],produces=[application/vnd.spring-boot.actuator.v1+json || application/json]}" onto public java.lang.Object org.springframework.boot.actuate.endpoint.mvc.EndpointMvcAdapter.invoke()
2017-11-06 11:28:34.294  INFO 5268 --- [main] o.s.b.a.e.mvc.EndpointHandlerMapping     : Mapped "{[/autoconfig || /autoconfig.json],methods=[GET],produces=[application/vnd.spring-boot.actuator.v1+json || application/json]}" onto public java.lang.Object org.springframework.boot.actuate.endpoint.mvc.EndpointMvcAdapter.invoke()
2017-11-06 11:28:34.295  INFO 5268 --- [main] o.s.b.a.e.mvc.EndpointHandlerMapping     : Mapped "{[/beans || /beans.json],methods=[GET],produces=[application/vnd.spring-boot.actuator.v1+json || application/json]}" onto public java.lang.Object org.springframework.boot.actuate.endpoint.mvc.EndpointMvcAdapter.invoke()
2017-11-06 11:28:34.295  INFO 5268 --- [main] o.s.b.a.e.mvc.EndpointHandlerMapping     : Mapped "{[/dump || /dump.json],methods=[GET],produces=[application/vnd.spring-boot.actuator.v1+json || application/json]}" onto public java.lang.Object org.springframework.boot.actuate.endpoint.mvc.EndpointMvcAdapter.invoke()
2017-11-06 11:28:34.296  INFO 5268 --- [main] o.s.b.a.e.mvc.EndpointHandlerMapping     : Mapped "{[/resume || /resume.json],methods=[POST]}" onto public java.lang.Object org.springframework.cloud.endpoint.GenericPostableMvcEndpoint.invoke()
2017-11-06 11:28:34.297  INFO 5268 --- [main] o.s.b.a.e.mvc.EndpointHandlerMapping     : Mapped "{[/trace || /trace.json],methods=[GET],produces=[application/vnd.spring-boot.actuator.v1+json || application/json]}" onto public java.lang.Object org.springframework.boot.actuate.endpoint.mvc.EndpointMvcAdapter.invoke()
2017-11-06 11:28:34.492  WARN 5268 --- [main] c.n.c.sources.URLConfigurationSource     : No URLs will be polled as dynamic configuration sources.
2017-11-06 11:28:34.493  INFO 5268 --- [main] c.n.c.sources.URLConfigurationSource     : To enable URLs as dynamic configuration sources, define System property archaius.configurationSource.additionalUrls or make config.properties available on classpath.
2017-11-06 11:28:34.498  WARN 5268 --- [main] c.n.c.sources.URLConfigurationSource     : No URLs will be polled as dynamic configuration sources.
2017-11-06 11:28:34.498  INFO 5268 --- [main] c.n.c.sources.URLConfigurationSource     : To enable URLs as dynamic configuration sources, define System property archaius.configurationSource.additionalUrls or make config.properties available on classpath.
2017-11-06 11:28:34.820  INFO 5268 --- [main] o.s.j.e.a.AnnotationMBeanExporter        : Registering beans for JMX exposure on startup
2017-11-06 11:28:34.830  INFO 5268 --- [main] o.s.j.e.a.AnnotationMBeanExporter        : Bean with name 'environmentManager' has been autodetected for JMX exposure
2017-11-06 11:28:34.832  INFO 5268 --- [main] o.s.j.e.a.AnnotationMBeanExporter        : Bean with name 'configurationPropertiesRebinder' has been autodetected for JMX exposure
2017-11-06 11:28:34.833  INFO 5268 --- [main] o.s.j.e.a.AnnotationMBeanExporter        : Bean with name 'refreshEndpoint' has been autodetected for JMX exposure
2017-11-06 11:28:34.834  INFO 5268 --- [main] o.s.j.e.a.AnnotationMBeanExporter        : Bean with name 'restartEndpoint' has been autodetected for JMX exposure
2017-11-06 11:28:34.835  INFO 5268 --- [main] o.s.j.e.a.AnnotationMBeanExporter        : Bean with name 'serviceRegistryEndpoint' has been autodetected for JMX exposure
2017-11-06 11:28:34.835  INFO 5268 --- [main] o.s.j.e.a.AnnotationMBeanExporter        : Bean with name 'refreshScope' has been autodetected for JMX exposure
2017-11-06 11:28:34.838  INFO 5268 --- [main] o.s.j.e.a.AnnotationMBeanExporter        : Located managed bean 'environmentManager': registering with JMX server as MBean [org.springframework.cloud.context.environment:name=environmentManager,type=EnvironmentManager]
2017-11-06 11:28:34.851  INFO 5268 --- [main] o.s.j.e.a.AnnotationMBeanExporter        : Located managed bean 'refreshScope': registering with JMX server as MBean [org.springframework.cloud.context.scope.refresh:name=refreshScope,type=RefreshScope]
2017-11-06 11:28:34.862  INFO 5268 --- [main] o.s.j.e.a.AnnotationMBeanExporter        : Located managed bean 'restartEndpoint': registering with JMX server as MBean [org.springframework.cloud.context.restart:name=restartEndpoint,type=RestartEndpoint]
2017-11-06 11:28:34.877  INFO 5268 --- [main] o.s.j.e.a.AnnotationMBeanExporter        : Located managed bean 'serviceRegistryEndpoint': registering with JMX server as MBean [org.springframework.cloud.client.serviceregistry.endpoint:name=serviceRegistryEndpoint,type=ServiceRegistryEndpoint]
2017-11-06 11:28:34.882  INFO 5268 --- [main] o.s.j.e.a.AnnotationMBeanExporter        : Located managed bean 'refreshEndpoint': registering with JMX server as MBean [org.springframework.cloud.endpoint:name=refreshEndpoint,type=RefreshEndpoint]
2017-11-06 11:28:34.885  INFO 5268 --- [main] o.s.j.e.a.AnnotationMBeanExporter        : Located managed bean 'configurationPropertiesRebinder': registering with JMX server as MBean [org.springframework.cloud.context.properties:name=configurationPropertiesRebinder,context=521ccf01,type=ConfigurationPropertiesRebinder]
2017-11-06 11:28:35.100  INFO 5268 --- [main] o.s.c.support.DefaultLifecycleProcessor  : Starting beans in phase 0
2017-11-06 11:28:35.109  INFO 5268 --- [main] o.s.c.n.eureka.InstanceInfoFactory       : Setting initial instance status as: STARTING
2017-11-06 11:28:35.155  INFO 5268 --- [main] com.netflix.discovery.DiscoveryClient    : Initializing Eureka in region us-east-1
2017-11-06 11:28:35.399  INFO 5268 --- [main] c.n.d.provider.DiscoveryJerseyProvider   : Using JSON encoding codec LegacyJacksonJson
2017-11-06 11:28:35.399  INFO 5268 --- [main] c.n.d.provider.DiscoveryJerseyProvider   : Using JSON decoding codec LegacyJacksonJson
2017-11-06 11:28:35.489  INFO 5268 --- [main] c.n.d.provider.DiscoveryJerseyProvider   : Using XML encoding codec XStreamXml
2017-11-06 11:28:35.489  INFO 5268 --- [main] c.n.d.provider.DiscoveryJerseyProvider   : Using XML decoding codec XStreamXml
2017-11-06 11:28:35.643  INFO 5268 --- [main] c.n.d.s.r.aws.ConfigClusterResolver      : Resolving eureka endpoints via configuration
2017-11-06 11:28:35.774  INFO 5268 --- [main] com.netflix.discovery.DiscoveryClient    : Disable delta property : false
2017-11-06 11:28:35.774  INFO 5268 --- [main] com.netflix.discovery.DiscoveryClient    : Single vip registry refresh property : null
2017-11-06 11:28:35.774  INFO 5268 --- [main] com.netflix.discovery.DiscoveryClient    : Force full registry fetch : false
2017-11-06 11:28:35.774  INFO 5268 --- [main] com.netflix.discovery.DiscoveryClient    : Application is null : false
2017-11-06 11:28:35.774  INFO 5268 --- [main] com.netflix.discovery.DiscoveryClient    : Registered Applications size is zero : true
2017-11-06 11:28:35.774  INFO 5268 --- [main] com.netflix.discovery.DiscoveryClient    : Application version is -1: true
2017-11-06 11:28:35.774  INFO 5268 --- [main] com.netflix.discovery.DiscoveryClient    : Getting all instance registry info from the eureka server
2017-11-06 11:28:35.924  INFO 5268 --- [main] com.netflix.discovery.DiscoveryClient    : The response status is 200
2017-11-06 11:28:35.924  INFO 5268 --- [main] com.netflix.discovery.DiscoveryClient    : Starting heartbeat executor: renew interval is: 30
2017-11-06 11:28:35.924  INFO 5268 --- [main] c.n.discovery.InstanceInfoReplicator     : InstanceInfoReplicator onDemand update allowed rate per min is 4
2017-11-06 11:28:35.924  INFO 5268 --- [main] com.netflix.discovery.DiscoveryClient    : Discovery Client initialized at timestamp 1509938915924 with initial instances count: 1
2017-11-06 11:28:35.954  INFO 5268 --- [main] o.s.c.n.e.s.EurekaServiceRegistry        : Registering application eureka-consumer-feign with eureka with status UP
2017-11-06 11:28:35.954  INFO 5268 --- [main] com.netflix.discovery.DiscoveryClient    : Saw local status change event StatusChangeEvent [timestamp=1509938915954, current=UP, previous=STARTING]
2017-11-06 11:28:35.954  INFO 5268 --- [DiscoveryClient-InstanceInfoReplicator-0] com.netflix.discovery.DiscoveryClient    : DiscoveryClient_EUREKA-CONSUMER-FEIGN/admin-PC:eureka-consumer-feign:2103: registering service...
2017-11-06 11:28:36.004  INFO 5268 --- [DiscoveryClient-InstanceInfoReplicator-0] com.netflix.discovery.DiscoveryClient    : DiscoveryClient_EUREKA-CONSUMER-FEIGN/admin-PC:eureka-consumer-feign:2103 - registration status: 204
2017-11-06 11:28:36.074  INFO 5268 --- [main] s.b.c.e.t.TomcatEmbeddedServletContainer : Tomcat started on port(s): 2103 (http)
2017-11-06 11:28:36.074  INFO 5268 --- [main] .s.c.n.e.s.EurekaAutoServiceRegistration : Updating port to 2103
2017-11-06 11:28:36.084  INFO 5268 --- [main] com.Application                          : Started Application in 9.631 seconds (JVM running for 9.915)
2017-11-06 11:28:38.580  INFO 5268 --- [http-nio-2103-exec-1] o.apache.tomcat.util.http.parser.Cookie  : A cookie header was received [1509587998,1509693916,1509933528; Hm_lpvt_765ecde8c11b85f1ac5f168fa6e6821f=1509938542] that contained an invalid cookie. That cookie will be ignored.Note: further occurrences of this error will be logged at DEBUG level.
2017-11-06 11:28:38.585  INFO 5268 --- [http-nio-2103-exec-1] o.a.c.c.C.[Tomcat].[localhost].[/]       : Initializing Spring FrameworkServlet 'dispatcherServlet'
2017-11-06 11:28:38.586  INFO 5268 --- [http-nio-2103-exec-1] o.s.web.servlet.DispatcherServlet        : FrameworkServlet 'dispatcherServlet': initialization started
2017-11-06 11:28:38.600  INFO 5268 --- [http-nio-2103-exec-1] o.s.web.servlet.DispatcherServlet        : FrameworkServlet 'dispatcherServlet': initialization completed in 14 ms
2017-11-06 11:28:38.782  INFO 5268 --- [hystrix-eureka-client-1] s.c.a.AnnotationConfigApplicationContext : Refreshing org.springframework.context.annotation.AnnotationConfigApplicationContext@352b747c: startup date [Mon Nov 06 11:28:38 CST 2017]; parent: org.springframework.boot.context.embedded.AnnotationConfigEmbeddedWebApplicationContext@521ccf01
2017-11-06 11:28:38.827  INFO 5268 --- [hystrix-eureka-client-1] f.a.AutowiredAnnotationBeanPostProcessor : JSR-330 'javax.inject.Inject' annotation found and supported for autowiring
2017-11-06 11:28:38.956  INFO 5268 --- [hystrix-eureka-client-1] c.netflix.config.ChainedDynamicProperty  : Flipping property: eureka-client.ribbon.ActiveConnectionsLimit to use NEXT property: niws.loadbalancer.availabilityFilteringRule.activeConnectionsLimit = 2147483647
2017-11-06 11:28:38.970  INFO 5268 --- [hystrix-eureka-client-1] c.n.u.concurrent.ShutdownEnabledTimer    : Shutdown hook installed for: NFLoadBalancer-PingTimer-eureka-client
2017-11-06 11:28:38.989  INFO 5268 --- [hystrix-eureka-client-1] c.netflix.loadbalancer.BaseLoadBalancer  : Client: eureka-client instantiated a LoadBalancer: DynamicServerListLoadBalancer:{NFLoadBalancer:name=eureka-client,current list of Servers=[],Load balancer stats=Zone stats: {},Server stats: []}ServerList:null
2017-11-06 11:28:38.994  INFO 5268 --- [hystrix-eureka-client-1] c.n.l.DynamicServerListLoadBalancer      : Using serverListUpdater PollingServerListUpdater
2017-11-06 11:28:39.010  INFO 5268 --- [hystrix-eureka-client-1] c.netflix.config.ChainedDynamicProperty  : Flipping property: eureka-client.ribbon.ActiveConnectionsLimit to use NEXT property: niws.loadbalancer.availabilityFilteringRule.activeConnectionsLimit = 2147483647
2017-11-06 11:28:39.011  INFO 5268 --- [hystrix-eureka-client-1] c.n.l.DynamicServerListLoadBalancer      : DynamicServerListLoadBalancer for client eureka-client initialized: DynamicServerListLoadBalancer:{NFLoadBalancer:name=eureka-client,current list of Servers=[admin-PC:2001],Load balancer stats=Zone stats: {defaultzone=[Zone:defaultzone;	Instance count:1;	Active connections count: 0;	Circuit breaker tripped count: 0;	Active connections per server: 0.0;]
},Server stats: [[Server:admin-PC:2001;	Zone:defaultZone;	Total Requests:0;	Successive connection failure:0;	Total blackout seconds:0;	Last connection made:Thu Jan 01 08:00:00 CST 1970;	First connection made: Thu Jan 01 08:00:00 CST 1970;	Active Connections:0;	total failure count in last (1000) msecs:0;	average resp time:0.0;	90 percentile resp time:0.0;	95 percentile resp time:0.0;	min resp time:0.0;	max resp time:0.0;	stddev resp time:0.0]
]}ServerList:org.springframework.cloud.netflix.ribbon.eureka.DomainExtractingServerList@2f3283b0
2017-11-06 11:28:39.999  INFO 5268 --- [PollingServerListUpdater-0] c.netflix.config.ChainedDynamicProperty  : Flipping property: eureka-client.ribbon.ActiveConnectionsLimit to use NEXT property: niws.loadbalancer.availabilityFilteringRule.activeConnectionsLimit = 2147483647
2017-11-06 11:29:17.166  INFO 7888 --- [main] com.Application                          : No active profile set, falling back to default profiles: default
2017-11-06 11:29:17.183  INFO 7888 --- [main] ationConfigEmbeddedWebApplicationContext : Refreshing org.springframework.boot.context.embedded.AnnotationConfigEmbeddedWebApplicationContext@598b083a: startup date [Mon Nov 06 11:29:17 CST 2017]; parent: org.springframework.context.annotation.AnnotationConfigApplicationContext@352aae6
2017-11-06 11:29:20.996  INFO 7888 --- [main] o.s.cloud.context.scope.GenericScope     : BeanFactory id=cd82f045-fb91-340a-b90d-0e09640d7b27
2017-11-06 11:29:21.019  INFO 7888 --- [main] f.a.AutowiredAnnotationBeanPostProcessor : JSR-330 'javax.inject.Inject' annotation found and supported for autowiring
2017-11-06 11:29:21.038  INFO 7888 --- [main] trationDelegate$BeanPostProcessorChecker : Bean 'com.web.DcClient' of type [org.springframework.cloud.netflix.feign.FeignClientFactoryBean] is not eligible for getting processed by all BeanPostProcessors (for example: not eligible for auto-proxying)
2017-11-06 11:29:21.151  INFO 7888 --- [main] trationDelegate$BeanPostProcessorChecker : Bean 'org.springframework.cloud.netflix.metrics.MetricsInterceptorConfiguration$MetricsRestTemplateConfiguration' of type [org.springframework.cloud.netflix.metrics.MetricsInterceptorConfiguration$MetricsRestTemplateConfiguration$$EnhancerBySpringCGLIB$$64e9d7e] is not eligible for getting processed by all BeanPostProcessors (for example: not eligible for auto-proxying)
2017-11-06 11:29:21.283  INFO 7888 --- [main] trationDelegate$BeanPostProcessorChecker : Bean 'org.springframework.cloud.autoconfigure.ConfigurationPropertiesRebinderAutoConfiguration' of type [org.springframework.cloud.autoconfigure.ConfigurationPropertiesRebinderAutoConfiguration$$EnhancerBySpringCGLIB$$f03bfa3a] is not eligible for getting processed by all BeanPostProcessors (for example: not eligible for auto-proxying)
2017-11-06 11:29:21.519  INFO 7888 --- [main] s.b.c.e.t.TomcatEmbeddedServletContainer : Tomcat initialized with port(s): 2103 (http)
2017-11-06 11:29:21.528  INFO 7888 --- [main] o.apache.catalina.core.StandardService   : Starting service Tomcat
2017-11-06 11:29:21.529  INFO 7888 --- [main] org.apache.catalina.core.StandardEngine  : Starting Servlet Engine: Apache Tomcat/8.5.14
2017-11-06 11:29:21.632  INFO 7888 --- [localhost-startStop-1] o.a.c.c.C.[Tomcat].[localhost].[/]       : Initializing Spring embedded WebApplicationContext
2017-11-06 11:29:21.632  INFO 7888 --- [localhost-startStop-1] o.s.web.context.ContextLoader            : Root WebApplicationContext: initialization completed in 4449 ms
2017-11-06 11:29:21.865  INFO 7888 --- [localhost-startStop-1] o.s.b.w.servlet.ServletRegistrationBean  : Mapping servlet: 'dispatcherServlet' to [/]
2017-11-06 11:29:21.869  INFO 7888 --- [localhost-startStop-1] o.s.b.w.servlet.FilterRegistrationBean   : Mapping filter: 'metricsFilter' to: [/*]
2017-11-06 11:29:21.869  INFO 7888 --- [localhost-startStop-1] o.s.b.w.servlet.FilterRegistrationBean   : Mapping filter: 'characterEncodingFilter' to: [/*]
2017-11-06 11:29:21.870  INFO 7888 --- [localhost-startStop-1] o.s.b.w.servlet.FilterRegistrationBean   : Mapping filter: 'hiddenHttpMethodFilter' to: [/*]
2017-11-06 11:29:21.870  INFO 7888 --- [localhost-startStop-1] o.s.b.w.servlet.FilterRegistrationBean   : Mapping filter: 'httpPutFormContentFilter' to: [/*]
2017-11-06 11:29:21.870  INFO 7888 --- [localhost-startStop-1] o.s.b.w.servlet.FilterRegistrationBean   : Mapping filter: 'requestContextFilter' to: [/*]
2017-11-06 11:29:21.870  INFO 7888 --- [localhost-startStop-1] o.s.b.w.servlet.FilterRegistrationBean   : Mapping filter: 'webRequestLoggingFilter' to: [/*]
2017-11-06 11:29:21.870  INFO 7888 --- [localhost-startStop-1] o.s.b.w.servlet.FilterRegistrationBean   : Mapping filter: 'applicationContextIdFilter' to: [/*]
2017-11-06 11:29:21.921  INFO 7888 --- [main] s.c.a.AnnotationConfigApplicationContext : Refreshing org.springframework.context.annotation.AnnotationConfigApplicationContext@189054d6: startup date [Mon Nov 06 11:29:21 CST 2017]; parent: org.springframework.boot.context.embedded.AnnotationConfigEmbeddedWebApplicationContext@598b083a
2017-11-06 11:29:21.944  INFO 7888 --- [main] f.a.AutowiredAnnotationBeanPostProcessor : JSR-330 'javax.inject.Inject' annotation found and supported for autowiring
2017-11-06 11:29:22.762  INFO 7888 --- [main] s.w.s.m.m.a.RequestMappingHandlerAdapter : Looking for @ControllerAdvice: org.springframework.boot.context.embedded.AnnotationConfigEmbeddedWebApplicationContext@598b083a: startup date [Mon Nov 06 11:29:17 CST 2017]; parent: org.springframework.context.annotation.AnnotationConfigApplicationContext@352aae6
2017-11-06 11:29:22.867  INFO 7888 --- [main] s.w.s.m.m.a.RequestMappingHandlerMapping : Mapped "{[/consumer],methods=[GET]}" onto public java.lang.String com.web.DcController.dc()
2017-11-06 11:29:22.875  INFO 7888 --- [main] s.w.s.m.m.a.RequestMappingHandlerMapping : Mapped "{[/error]}" onto public org.springframework.http.ResponseEntity<java.util.Map<java.lang.String, java.lang.Object>> org.springframework.boot.autoconfigure.web.BasicErrorController.error(javax.servlet.http.HttpServletRequest)
2017-11-06 11:29:22.876  INFO 7888 --- [main] s.w.s.m.m.a.RequestMappingHandlerMapping : Mapped "{[/error],produces=[text/html]}" onto public org.springframework.web.servlet.ModelAndView org.springframework.boot.autoconfigure.web.BasicErrorController.errorHtml(javax.servlet.http.HttpServletRequest,javax.servlet.http.HttpServletResponse)
2017-11-06 11:29:22.936  INFO 7888 --- [main] o.s.w.s.handler.SimpleUrlHandlerMapping  : Mapped URL path [/webjars/**] onto handler of type [class org.springframework.web.servlet.resource.ResourceHttpRequestHandler]
2017-11-06 11:29:22.936  INFO 7888 --- [main] o.s.w.s.handler.SimpleUrlHandlerMapping  : Mapped URL path [/**] onto handler of type [class org.springframework.web.servlet.resource.ResourceHttpRequestHandler]
2017-11-06 11:29:22.990  INFO 7888 --- [main] o.s.w.s.handler.SimpleUrlHandlerMapping  : Mapped URL path [/**/favicon.ico] onto handler of type [class org.springframework.web.servlet.resource.ResourceHttpRequestHandler]
2017-11-06 11:29:23.708  INFO 7888 --- [main] o.s.b.a.e.mvc.EndpointHandlerMapping     : Mapped "{[/service-registry/instance-status],methods=[GET]}" onto public org.springframework.http.ResponseEntity org.springframework.cloud.client.serviceregistry.endpoint.ServiceRegistryEndpoint.getStatus()
2017-11-06 11:29:23.709  INFO 7888 --- [main] o.s.b.a.e.mvc.EndpointHandlerMapping     : Mapped "{[/service-registry/instance-status],methods=[POST]}" onto public org.springframework.http.ResponseEntity<?> org.springframework.cloud.client.serviceregistry.endpoint.ServiceRegistryEndpoint.setStatus(java.lang.String)
2017-11-06 11:29:23.710  INFO 7888 --- [main] o.s.b.a.e.mvc.EndpointHandlerMapping     : Mapped "{[/health || /health.json],methods=[GET],produces=[application/vnd.spring-boot.actuator.v1+json || application/json]}" onto public java.lang.Object org.springframework.boot.actuate.endpoint.mvc.HealthMvcEndpoint.invoke(javax.servlet.http.HttpServletRequest,java.security.Principal)
2017-11-06 11:29:23.712  INFO 7888 --- [main] o.s.b.a.e.mvc.EndpointHandlerMapping     : Mapped "{[/mappings || /mappings.json],methods=[GET],produces=[application/vnd.spring-boot.actuator.v1+json || application/json]}" onto public java.lang.Object org.springframework.boot.actuate.endpoint.mvc.EndpointMvcAdapter.invoke()
2017-11-06 11:29:23.713  INFO 7888 --- [main] o.s.b.a.e.mvc.EndpointHandlerMapping     : Mapped "{[/env],methods=[POST]}" onto public java.lang.Object org.springframework.cloud.context.environment.EnvironmentManagerMvcEndpoint.value(java.util.Map<java.lang.String, java.lang.String>)
2017-11-06 11:29:23.713  INFO 7888 --- [main] o.s.b.a.e.mvc.EndpointHandlerMapping     : Mapped "{[/env/reset],methods=[POST]}" onto public java.util.Map<java.lang.String, java.lang.Object> org.springframework.cloud.context.environment.EnvironmentManagerMvcEndpoint.reset()
2017-11-06 11:29:23.714  INFO 7888 --- [main] o.s.b.a.e.mvc.EndpointHandlerMapping     : Mapped "{[/beans || /beans.json],methods=[GET],produces=[application/vnd.spring-boot.actuator.v1+json || application/json]}" onto public java.lang.Object org.springframework.boot.actuate.endpoint.mvc.EndpointMvcAdapter.invoke()
2017-11-06 11:29:23.715  INFO 7888 --- [main] o.s.b.a.e.mvc.EndpointHandlerMapping     : Mapped "{[/auditevents || /auditevents.json],methods=[GET],produces=[application/vnd.spring-boot.actuator.v1+json || application/json]}" onto public org.springframework.http.ResponseEntity<?> org.springframework.boot.actuate.endpoint.mvc.AuditEventsMvcEndpoint.findByPrincipalAndAfterAndType(java.lang.String,java.util.Date,java.lang.String)
2017-11-06 11:29:23.716  INFO 7888 --- [main] o.s.b.a.e.mvc.EndpointHandlerMapping     : Mapped "{[/logfile || /logfile.json],methods=[GET || HEAD]}" onto public void org.springframework.boot.actuate.endpoint.mvc.LogFileMvcEndpoint.invoke(javax.servlet.http.HttpServletRequest,javax.servlet.http.HttpServletResponse) throws javax.servlet.ServletException,java.io.IOException
2017-11-06 11:29:23.717  INFO 7888 --- [main] o.s.b.a.e.mvc.EndpointHandlerMapping     : Mapped "{[/configprops || /configprops.json],methods=[GET],produces=[application/vnd.spring-boot.actuator.v1+json || application/json]}" onto public java.lang.Object org.springframework.boot.actuate.endpoint.mvc.EndpointMvcAdapter.invoke()
2017-11-06 11:29:23.719  INFO 7888 --- [main] o.s.b.a.e.mvc.EndpointHandlerMapping     : Mapped "{[/metrics/{name:.*}],methods=[GET],produces=[application/vnd.spring-boot.actuator.v1+json || application/json]}" onto public java.lang.Object org.springframework.boot.actuate.endpoint.mvc.MetricsMvcEndpoint.value(java.lang.String)
2017-11-06 11:29:23.719  INFO 7888 --- [main] o.s.b.a.e.mvc.EndpointHandlerMapping     : Mapped "{[/metrics || /metrics.json],methods=[GET],produces=[application/vnd.spring-boot.actuator.v1+json || application/json]}" onto public java.lang.Object org.springframework.boot.actuate.endpoint.mvc.EndpointMvcAdapter.invoke()
2017-11-06 11:29:23.720  INFO 7888 --- [main] o.s.b.a.e.mvc.EndpointHandlerMapping     : Mapped "{[/features || /features.json],methods=[GET],produces=[application/vnd.spring-boot.actuator.v1+json || application/json]}" onto public java.lang.Object org.springframework.boot.actuate.endpoint.mvc.EndpointMvcAdapter.invoke()
2017-11-06 11:29:23.721  INFO 7888 --- [main] o.s.b.a.e.mvc.EndpointHandlerMapping     : Mapped "{[/heapdump || /heapdump.json],methods=[GET],produces=[application/octet-stream]}" onto public void org.springframework.boot.actuate.endpoint.mvc.HeapdumpMvcEndpoint.invoke(boolean,javax.servlet.http.HttpServletRequest,javax.servlet.http.HttpServletResponse) throws java.io.IOException,javax.servlet.ServletException
2017-11-06 11:29:23.723  INFO 7888 --- [main] o.s.b.a.e.mvc.EndpointHandlerMapping     : Mapped "{[/refresh || /refresh.json],methods=[POST]}" onto public java.lang.Object org.springframework.cloud.endpoint.GenericPostableMvcEndpoint.invoke()
2017-11-06 11:29:23.724  INFO 7888 --- [main] o.s.b.a.e.mvc.EndpointHandlerMapping     : Mapped "{[/autoconfig || /autoconfig.json],methods=[GET],produces=[application/vnd.spring-boot.actuator.v1+json || application/json]}" onto public java.lang.Object org.springframework.boot.actuate.endpoint.mvc.EndpointMvcAdapter.invoke()
2017-11-06 11:29:23.725  INFO 7888 --- [main] o.s.b.a.e.mvc.EndpointHandlerMapping     : Mapped "{[/restart || /restart.json],methods=[POST]}" onto public java.lang.Object org.springframework.cloud.context.restart.RestartMvcEndpoint.invoke()
2017-11-06 11:29:23.726  INFO 7888 --- [main] o.s.b.a.e.mvc.EndpointHandlerMapping     : Mapped "{[/archaius || /archaius.json],methods=[GET],produces=[application/vnd.spring-boot.actuator.v1+json || application/json]}" onto public java.lang.Object org.springframework.boot.actuate.endpoint.mvc.EndpointMvcAdapter.invoke()
2017-11-06 11:29:23.728  INFO 7888 --- [main] o.s.b.a.e.mvc.EndpointHandlerMapping     : Mapped "{[/pause || /pause.json],methods=[POST]}" onto public java.lang.Object org.springframework.cloud.endpoint.GenericPostableMvcEndpoint.invoke()
2017-11-06 11:29:23.729  INFO 7888 --- [main] o.s.b.a.e.mvc.EndpointHandlerMapping     : Mapped "{[/trace || /trace.json],methods=[GET],produces=[application/vnd.spring-boot.actuator.v1+json || application/json]}" onto public java.lang.Object org.springframework.boot.actuate.endpoint.mvc.EndpointMvcAdapter.invoke()
2017-11-06 11:29:23.731  INFO 7888 --- [main] o.s.b.a.e.mvc.EndpointHandlerMapping     : Mapped "{[/env/{name:.*}],methods=[GET],produces=[application/vnd.spring-boot.actuator.v1+json || application/json]}" onto public java.lang.Object org.springframework.boot.actuate.endpoint.mvc.EnvironmentMvcEndpoint.value(java.lang.String)
2017-11-06 11:29:23.731  INFO 7888 --- [main] o.s.b.a.e.mvc.EndpointHandlerMapping     : Mapped "{[/env || /env.json],methods=[GET],produces=[application/vnd.spring-boot.actuator.v1+json || application/json]}" onto public java.lang.Object org.springframework.boot.actuate.endpoint.mvc.EndpointMvcAdapter.invoke()
2017-11-06 11:29:23.732  INFO 7888 --- [main] o.s.b.a.e.mvc.EndpointHandlerMapping     : Mapped "{[/info || /info.json],methods=[GET],produces=[application/vnd.spring-boot.actuator.v1+json || application/json]}" onto public java.lang.Object org.springframework.boot.actuate.endpoint.mvc.EndpointMvcAdapter.invoke()
2017-11-06 11:29:23.733  INFO 7888 --- [main] o.s.b.a.e.mvc.EndpointHandlerMapping     : Mapped "{[/resume || /resume.json],methods=[POST]}" onto public java.lang.Object org.springframework.cloud.endpoint.GenericPostableMvcEndpoint.invoke()
2017-11-06 11:29:23.736  INFO 7888 --- [main] o.s.b.a.e.mvc.EndpointHandlerMapping     : Mapped "{[/loggers/{name:.*}],methods=[GET],produces=[application/vnd.spring-boot.actuator.v1+json || application/json]}" onto public java.lang.Object org.springframework.boot.actuate.endpoint.mvc.LoggersMvcEndpoint.get(java.lang.String)
2017-11-06 11:29:23.737  INFO 7888 --- [main] o.s.b.a.e.mvc.EndpointHandlerMapping     : Mapped "{[/loggers/{name:.*}],methods=[POST],consumes=[application/vnd.spring-boot.actuator.v1+json || application/json],produces=[application/vnd.spring-boot.actuator.v1+json || application/json]}" onto public java.lang.Object org.springframework.boot.actuate.endpoint.mvc.LoggersMvcEndpoint.set(java.lang.String,java.util.Map<java.lang.String, java.lang.String>)
2017-11-06 11:29:23.737  INFO 7888 --- [main] o.s.b.a.e.mvc.EndpointHandlerMapping     : Mapped "{[/loggers || /loggers.json],methods=[GET],produces=[application/vnd.spring-boot.actuator.v1+json || application/json]}" onto public java.lang.Object org.springframework.boot.actuate.endpoint.mvc.EndpointMvcAdapter.invoke()
2017-11-06 11:29:23.738  INFO 7888 --- [main] o.s.b.a.e.mvc.EndpointHandlerMapping     : Mapped "{[/dump || /dump.json],methods=[GET],produces=[application/vnd.spring-boot.actuator.v1+json || application/json]}" onto public java.lang.Object org.springframework.boot.actuate.endpoint.mvc.EndpointMvcAdapter.invoke()
2017-11-06 11:29:23.941  WARN 7888 --- [main] c.n.c.sources.URLConfigurationSource     : No URLs will be polled as dynamic configuration sources.
2017-11-06 11:29:23.941  INFO 7888 --- [main] c.n.c.sources.URLConfigurationSource     : To enable URLs as dynamic configuration sources, define System property archaius.configurationSource.additionalUrls or make config.properties available on classpath.
2017-11-06 11:29:23.947  WARN 7888 --- [main] c.n.c.sources.URLConfigurationSource     : No URLs will be polled as dynamic configuration sources.
2017-11-06 11:29:23.947  INFO 7888 --- [main] c.n.c.sources.URLConfigurationSource     : To enable URLs as dynamic configuration sources, define System property archaius.configurationSource.additionalUrls or make config.properties available on classpath.
2017-11-06 11:29:24.276  INFO 7888 --- [main] o.s.j.e.a.AnnotationMBeanExporter        : Registering beans for JMX exposure on startup
2017-11-06 11:29:24.288  INFO 7888 --- [main] o.s.j.e.a.AnnotationMBeanExporter        : Bean with name 'environmentManager' has been autodetected for JMX exposure
2017-11-06 11:29:24.291  INFO 7888 --- [main] o.s.j.e.a.AnnotationMBeanExporter        : Bean with name 'configurationPropertiesRebinder' has been autodetected for JMX exposure
2017-11-06 11:29:24.291  INFO 7888 --- [main] o.s.j.e.a.AnnotationMBeanExporter        : Bean with name 'refreshEndpoint' has been autodetected for JMX exposure
2017-11-06 11:29:24.292  INFO 7888 --- [main] o.s.j.e.a.AnnotationMBeanExporter        : Bean with name 'restartEndpoint' has been autodetected for JMX exposure
2017-11-06 11:29:24.293  INFO 7888 --- [main] o.s.j.e.a.AnnotationMBeanExporter        : Bean with name 'serviceRegistryEndpoint' has been autodetected for JMX exposure
2017-11-06 11:29:24.294  INFO 7888 --- [main] o.s.j.e.a.AnnotationMBeanExporter        : Bean with name 'refreshScope' has been autodetected for JMX exposure
2017-11-06 11:29:24.297  INFO 7888 --- [main] o.s.j.e.a.AnnotationMBeanExporter        : Located managed bean 'environmentManager': registering with JMX server as MBean [org.springframework.cloud.context.environment:name=environmentManager,type=EnvironmentManager]
2017-11-06 11:29:24.311  INFO 7888 --- [main] o.s.j.e.a.AnnotationMBeanExporter        : Located managed bean 'refreshScope': registering with JMX server as MBean [org.springframework.cloud.context.scope.refresh:name=refreshScope,type=RefreshScope]
2017-11-06 11:29:24.328  INFO 7888 --- [main] o.s.j.e.a.AnnotationMBeanExporter        : Located managed bean 'restartEndpoint': registering with JMX server as MBean [org.springframework.cloud.context.restart:name=restartEndpoint,type=RestartEndpoint]
2017-11-06 11:29:24.342  INFO 7888 --- [main] o.s.j.e.a.AnnotationMBeanExporter        : Located managed bean 'serviceRegistryEndpoint': registering with JMX server as MBean [org.springframework.cloud.client.serviceregistry.endpoint:name=serviceRegistryEndpoint,type=ServiceRegistryEndpoint]
2017-11-06 11:29:24.347  INFO 7888 --- [main] o.s.j.e.a.AnnotationMBeanExporter        : Located managed bean 'refreshEndpoint': registering with JMX server as MBean [org.springframework.cloud.endpoint:name=refreshEndpoint,type=RefreshEndpoint]
2017-11-06 11:29:24.351  INFO 7888 --- [main] o.s.j.e.a.AnnotationMBeanExporter        : Located managed bean 'configurationPropertiesRebinder': registering with JMX server as MBean [org.springframework.cloud.context.properties:name=configurationPropertiesRebinder,context=598b083a,type=ConfigurationPropertiesRebinder]
2017-11-06 11:29:24.569  INFO 7888 --- [main] o.s.c.support.DefaultLifecycleProcessor  : Starting beans in phase 0
2017-11-06 11:29:24.578  INFO 7888 --- [main] o.s.c.n.eureka.InstanceInfoFactory       : Setting initial instance status as: STARTING
2017-11-06 11:29:24.619  INFO 7888 --- [main] com.netflix.discovery.DiscoveryClient    : Initializing Eureka in region us-east-1
2017-11-06 11:29:24.814  INFO 7888 --- [main] c.n.d.provider.DiscoveryJerseyProvider   : Using JSON encoding codec LegacyJacksonJson
2017-11-06 11:29:24.815  INFO 7888 --- [main] c.n.d.provider.DiscoveryJerseyProvider   : Using JSON decoding codec LegacyJacksonJson
2017-11-06 11:29:24.914  INFO 7888 --- [main] c.n.d.provider.DiscoveryJerseyProvider   : Using XML encoding codec XStreamXml
2017-11-06 11:29:24.914  INFO 7888 --- [main] c.n.d.provider.DiscoveryJerseyProvider   : Using XML decoding codec XStreamXml
2017-11-06 11:29:25.087  INFO 7888 --- [main] c.n.d.s.r.aws.ConfigClusterResolver      : Resolving eureka endpoints via configuration
2017-11-06 11:29:25.306  INFO 7888 --- [main] com.netflix.discovery.DiscoveryClient    : Disable delta property : false
2017-11-06 11:29:25.306  INFO 7888 --- [main] com.netflix.discovery.DiscoveryClient    : Single vip registry refresh property : null
2017-11-06 11:29:25.306  INFO 7888 --- [main] com.netflix.discovery.DiscoveryClient    : Force full registry fetch : false
2017-11-06 11:29:25.306  INFO 7888 --- [main] com.netflix.discovery.DiscoveryClient    : Application is null : false
2017-11-06 11:29:25.306  INFO 7888 --- [main] com.netflix.discovery.DiscoveryClient    : Registered Applications size is zero : true
2017-11-06 11:29:25.306  INFO 7888 --- [main] com.netflix.discovery.DiscoveryClient    : Application version is -1: true
2017-11-06 11:29:25.306  INFO 7888 --- [main] com.netflix.discovery.DiscoveryClient    : Getting all instance registry info from the eureka server
2017-11-06 11:29:25.537  INFO 7888 --- [main] com.netflix.discovery.DiscoveryClient    : The response status is 200
2017-11-06 11:29:25.541  INFO 7888 --- [main] com.netflix.discovery.DiscoveryClient    : Starting heartbeat executor: renew interval is: 30
2017-11-06 11:29:25.544  INFO 7888 --- [main] c.n.discovery.InstanceInfoReplicator     : InstanceInfoReplicator onDemand update allowed rate per min is 4
2017-11-06 11:29:25.546  INFO 7888 --- [main] com.netflix.discovery.DiscoveryClient    : Discovery Client initialized at timestamp 1509938965546 with initial instances count: 2
2017-11-06 11:29:25.578  INFO 7888 --- [main] o.s.c.n.e.s.EurekaServiceRegistry        : Registering application eureka-consumer-feign with eureka with status UP
2017-11-06 11:29:25.578  INFO 7888 --- [main] com.netflix.discovery.DiscoveryClient    : Saw local status change event StatusChangeEvent [timestamp=1509938965578, current=UP, previous=STARTING]
2017-11-06 11:29:25.645  INFO 7888 --- [DiscoveryClient-InstanceInfoReplicator-0] com.netflix.discovery.DiscoveryClient    : DiscoveryClient_EUREKA-CONSUMER-FEIGN/admin-PC:eureka-consumer-feign:2103: registering service...
2017-11-06 11:29:25.691  INFO 7888 --- [DiscoveryClient-InstanceInfoReplicator-0] com.netflix.discovery.DiscoveryClient    : DiscoveryClient_EUREKA-CONSUMER-FEIGN/admin-PC:eureka-consumer-feign:2103 - registration status: 204
2017-11-06 11:29:25.710 ERROR 7888 --- [main] o.a.coyote.http11.Http11NioProtocol      : Failed to start end point associated with ProtocolHandler ["http-nio-2103"]

java.net.BindException: Address already in use: bind
	at sun.nio.ch.Net.bind0(Native Method) ~[na:1.7.0_51]
	at sun.nio.ch.Net.bind(Unknown Source) ~[na:1.7.0_51]
	at sun.nio.ch.Net.bind(Unknown Source) ~[na:1.7.0_51]
	at sun.nio.ch.ServerSocketChannelImpl.bind(Unknown Source) ~[na:1.7.0_51]
	at sun.nio.ch.ServerSocketAdaptor.bind(Unknown Source) ~[na:1.7.0_51]
	at org.apache.tomcat.util.net.NioEndpoint.bind(NioEndpoint.java:210) ~[tomcat-embed-core-8.5.14.jar:8.5.14]
	at org.apache.tomcat.util.net.AbstractEndpoint.start(AbstractEndpoint.java:978) ~[tomcat-embed-core-8.5.14.jar:8.5.14]
	at org.apache.coyote.AbstractProtocol.start(AbstractProtocol.java:628) ~[tomcat-embed-core-8.5.14.jar:8.5.14]
	at org.apache.catalina.connector.Connector.startInternal(Connector.java:993) [tomcat-embed-core-8.5.14.jar:8.5.14]
	at org.apache.catalina.util.LifecycleBase.start(LifecycleBase.java:150) [tomcat-embed-core-8.5.14.jar:8.5.14]
	at org.apache.catalina.core.StandardService.addConnector(StandardService.java:225) [tomcat-embed-core-8.5.14.jar:8.5.14]
	at org.springframework.boot.context.embedded.tomcat.TomcatEmbeddedServletContainer.addPreviouslyRemovedConnectors(TomcatEmbeddedServletContainer.java:247) [spring-boot-1.5.3.RELEASE.jar:1.5.3.RELEASE]
	at org.springframework.boot.context.embedded.tomcat.TomcatEmbeddedServletContainer.start(TomcatEmbeddedServletContainer.java:190) [spring-boot-1.5.3.RELEASE.jar:1.5.3.RELEASE]
	at org.springframework.boot.context.embedded.EmbeddedWebApplicationContext.startEmbeddedServletContainer(EmbeddedWebApplicationContext.java:297) [spring-boot-1.5.3.RELEASE.jar:1.5.3.RELEASE]
	at org.springframework.boot.context.embedded.EmbeddedWebApplicationContext.finishRefresh(EmbeddedWebApplicationContext.java:145) [spring-boot-1.5.3.RELEASE.jar:1.5.3.RELEASE]
	at org.springframework.context.support.AbstractApplicationContext.refresh(AbstractApplicationContext.java:545) [spring-context-4.3.8.RELEASE.jar:4.3.8.RELEASE]
	at org.springframework.boot.context.embedded.EmbeddedWebApplicationContext.refresh(EmbeddedWebApplicationContext.java:122) [spring-boot-1.5.3.RELEASE.jar:1.5.3.RELEASE]
	at org.springframework.boot.SpringApplication.refresh(SpringApplication.java:737) [spring-boot-1.5.3.RELEASE.jar:1.5.3.RELEASE]
	at org.springframework.boot.SpringApplication.refreshContext(SpringApplication.java:370) [spring-boot-1.5.3.RELEASE.jar:1.5.3.RELEASE]
	at org.springframework.boot.SpringApplication.run(SpringApplication.java:314) [spring-boot-1.5.3.RELEASE.jar:1.5.3.RELEASE]
	at org.springframework.boot.builder.SpringApplicationBuilder.run(SpringApplicationBuilder.java:134) [spring-boot-1.5.3.RELEASE.jar:1.5.3.RELEASE]
	at com.Application.main(Application.java:21) [classes/:na]

2017-11-06 11:29:25.711 ERROR 7888 --- [main] o.apache.catalina.core.StandardService   : Failed to start connector [Connector[HTTP/1.1-2103]]

org.apache.catalina.LifecycleException: Failed to start component [Connector[HTTP/1.1-2103]]
	at org.apache.catalina.util.LifecycleBase.start(LifecycleBase.java:167) ~[tomcat-embed-core-8.5.14.jar:8.5.14]
	at org.apache.catalina.core.StandardService.addConnector(StandardService.java:225) ~[tomcat-embed-core-8.5.14.jar:8.5.14]
	at org.springframework.boot.context.embedded.tomcat.TomcatEmbeddedServletContainer.addPreviouslyRemovedConnectors(TomcatEmbeddedServletContainer.java:247) [spring-boot-1.5.3.RELEASE.jar:1.5.3.RELEASE]
	at org.springframework.boot.context.embedded.tomcat.TomcatEmbeddedServletContainer.start(TomcatEmbeddedServletContainer.java:190) [spring-boot-1.5.3.RELEASE.jar:1.5.3.RELEASE]
	at org.springframework.boot.context.embedded.EmbeddedWebApplicationContext.startEmbeddedServletContainer(EmbeddedWebApplicationContext.java:297) [spring-boot-1.5.3.RELEASE.jar:1.5.3.RELEASE]
	at org.springframework.boot.context.embedded.EmbeddedWebApplicationContext.finishRefresh(EmbeddedWebApplicationContext.java:145) [spring-boot-1.5.3.RELEASE.jar:1.5.3.RELEASE]
	at org.springframework.context.support.AbstractApplicationContext.refresh(AbstractApplicationContext.java:545) [spring-context-4.3.8.RELEASE.jar:4.3.8.RELEASE]
	at org.springframework.boot.context.embedded.EmbeddedWebApplicationContext.refresh(EmbeddedWebApplicationContext.java:122) [spring-boot-1.5.3.RELEASE.jar:1.5.3.RELEASE]
	at org.springframework.boot.SpringApplication.refresh(SpringApplication.java:737) [spring-boot-1.5.3.RELEASE.jar:1.5.3.RELEASE]
	at org.springframework.boot.SpringApplication.refreshContext(SpringApplication.java:370) [spring-boot-1.5.3.RELEASE.jar:1.5.3.RELEASE]
	at org.springframework.boot.SpringApplication.run(SpringApplication.java:314) [spring-boot-1.5.3.RELEASE.jar:1.5.3.RELEASE]
	at org.springframework.boot.builder.SpringApplicationBuilder.run(SpringApplicationBuilder.java:134) [spring-boot-1.5.3.RELEASE.jar:1.5.3.RELEASE]
	at com.Application.main(Application.java:21) [classes/:na]
Caused by: org.apache.catalina.LifecycleException: service.getName(): "Tomcat";  Protocol handler start failed
	at org.apache.catalina.connector.Connector.startInternal(Connector.java:1000) ~[tomcat-embed-core-8.5.14.jar:8.5.14]
	at org.apache.catalina.util.LifecycleBase.start(LifecycleBase.java:150) ~[tomcat-embed-core-8.5.14.jar:8.5.14]
	... 12 common frames omitted
Caused by: java.net.BindException: Address already in use: bind
	at sun.nio.ch.Net.bind0(Native Method) ~[na:1.7.0_51]
	at sun.nio.ch.Net.bind(Unknown Source) ~[na:1.7.0_51]
	at sun.nio.ch.Net.bind(Unknown Source) ~[na:1.7.0_51]
	at sun.nio.ch.ServerSocketChannelImpl.bind(Unknown Source) ~[na:1.7.0_51]
	at sun.nio.ch.ServerSocketAdaptor.bind(Unknown Source) ~[na:1.7.0_51]
	at org.apache.tomcat.util.net.NioEndpoint.bind(NioEndpoint.java:210) ~[tomcat-embed-core-8.5.14.jar:8.5.14]
	at org.apache.tomcat.util.net.AbstractEndpoint.start(AbstractEndpoint.java:978) ~[tomcat-embed-core-8.5.14.jar:8.5.14]
	at org.apache.coyote.AbstractProtocol.start(AbstractProtocol.java:628) ~[tomcat-embed-core-8.5.14.jar:8.5.14]
	at org.apache.catalina.connector.Connector.startInternal(Connector.java:993) ~[tomcat-embed-core-8.5.14.jar:8.5.14]
	... 13 common frames omitted

2017-11-06 11:29:25.720  INFO 7888 --- [main] o.apache.catalina.core.StandardService   : Stopping service Tomcat
2017-11-06 11:29:25.735  INFO 7888 --- [main] utoConfigurationReportLoggingInitializer : 

Error starting ApplicationContext. To display the auto-configuration report re-run your application with 'debug' enabled.
2017-11-06 11:29:25.739 ERROR 7888 --- [main] o.s.b.d.LoggingFailureAnalysisReporter   : 

***************************
APPLICATION FAILED TO START
***************************

Description:

The Tomcat connector configured to listen on port 2103 failed to start. The port may already be in use or the connector may be misconfigured.

Action:

Verify the connector's configuration, identify and stop any process that's listening on port 2103, or configure this application to listen on another port.

2017-11-06 11:29:25.755  INFO 7888 --- [main] ationConfigEmbeddedWebApplicationContext : Closing org.springframework.boot.context.embedded.AnnotationConfigEmbeddedWebApplicationContext@598b083a: startup date [Mon Nov 06 11:29:17 CST 2017]; parent: org.springframework.context.annotation.AnnotationConfigApplicationContext@352aae6
2017-11-06 11:29:25.756  INFO 7888 --- [main] o.s.c.n.e.s.EurekaServiceRegistry        : Unregistering application eureka-consumer-feign with eureka with status DOWN
2017-11-06 11:29:25.756  WARN 7888 --- [main] com.netflix.discovery.DiscoveryClient    : Saw local status change event StatusChangeEvent [timestamp=1509938965756, current=DOWN, previous=UP]
2017-11-06 11:29:25.756  INFO 7888 --- [DiscoveryClient-InstanceInfoReplicator-0] com.netflix.discovery.DiscoveryClient    : DiscoveryClient_EUREKA-CONSUMER-FEIGN/admin-PC:eureka-consumer-feign:2103: registering service...
2017-11-06 11:29:25.756  INFO 7888 --- [main] com.netflix.discovery.DiscoveryClient    : Shutting down DiscoveryClient ...
2017-11-06 11:29:25.757  INFO 7888 --- [main] com.netflix.discovery.DiscoveryClient    : Unregistering ...
2017-11-06 11:29:25.766  INFO 7888 --- [main] com.netflix.discovery.DiscoveryClient    : DiscoveryClient_EUREKA-CONSUMER-FEIGN/admin-PC:eureka-consumer-feign:2103 - deregister  status: 200
2017-11-06 11:29:25.773  INFO 7888 --- [DiscoveryClient-InstanceInfoReplicator-0] com.netflix.discovery.DiscoveryClient    : DiscoveryClient_EUREKA-CONSUMER-FEIGN/admin-PC:eureka-consumer-feign:2103 - registration status: 204
2017-11-06 11:29:25.784  INFO 7888 --- [main] com.netflix.discovery.DiscoveryClient    : Completed shut down of DiscoveryClient
2017-11-06 11:29:25.785  INFO 7888 --- [main] o.s.c.support.DefaultLifecycleProcessor  : Stopping beans in phase 0
2017-11-06 11:29:25.808  INFO 7888 --- [main] o.s.j.e.a.AnnotationMBeanExporter        : Unregistering JMX-exposed beans on shutdown
2017-11-06 11:29:25.809  INFO 7888 --- [main] o.s.j.e.a.AnnotationMBeanExporter        : Unregistering JMX-exposed beans
2017-11-06 11:29:25.811  INFO 7888 --- [main] s.c.a.AnnotationConfigApplicationContext : Closing org.springframework.context.annotation.AnnotationConfigApplicationContext@189054d6: startup date [Mon Nov 06 11:29:21 CST 2017]; parent: org.springframework.boot.context.embedded.AnnotationConfigEmbeddedWebApplicationContext@598b083a
2017-11-06 11:29:25.812  WARN 7888 --- [main] s.c.a.AnnotationConfigApplicationContext : Exception thrown from ApplicationListener handling ContextClosedEvent

org.springframework.beans.factory.BeanCreationNotAllowedException: Error creating bean with name 'eurekaAutoServiceRegistration': Singleton bean creation not allowed while singletons of this factory are in destruction (Do not request a bean from a BeanFactory in a destroy method implementation!)
	at org.springframework.beans.factory.support.DefaultSingletonBeanRegistry.getSingleton(DefaultSingletonBeanRegistry.java:216) [spring-beans-4.3.8.RELEASE.jar:4.3.8.RELEASE]
	at org.springframework.beans.factory.support.AbstractBeanFactory.doGetBean(AbstractBeanFactory.java:302) ~[spring-beans-4.3.8.RELEASE.jar:4.3.8.RELEASE]
	at org.springframework.beans.factory.support.AbstractBeanFactory.getBean(AbstractBeanFactory.java:197) ~[spring-beans-4.3.8.RELEASE.jar:4.3.8.RELEASE]
	at org.springframework.context.support.AbstractApplicationContext.getBean(AbstractApplicationContext.java:1081) [spring-context-4.3.8.RELEASE.jar:4.3.8.RELEASE]
	at org.springframework.context.event.ApplicationListenerMethodAdapter.getTargetBean(ApplicationListenerMethodAdapter.java:280) ~[spring-context-4.3.8.RELEASE.jar:4.3.8.RELEASE]
	at org.springframework.context.event.ApplicationListenerMethodAdapter.doInvoke(ApplicationListenerMethodAdapter.java:250) ~[spring-context-4.3.8.RELEASE.jar:4.3.8.RELEASE]
	at org.springframework.context.event.ApplicationListenerMethodAdapter.processEvent(ApplicationListenerMethodAdapter.java:174) ~[spring-context-4.3.8.RELEASE.jar:4.3.8.RELEASE]
	at org.springframework.context.event.ApplicationListenerMethodAdapter.onApplicationEvent(ApplicationListenerMethodAdapter.java:137) ~[spring-context-4.3.8.RELEASE.jar:4.3.8.RELEASE]
	at org.springframework.context.event.SimpleApplicationEventMulticaster.invokeListener(SimpleApplicationEventMulticaster.java:167) ~[spring-context-4.3.8.RELEASE.jar:4.3.8.RELEASE]
	at org.springframework.context.event.SimpleApplicationEventMulticaster.multicastEvent(SimpleApplicationEventMulticaster.java:139) ~[spring-context-4.3.8.RELEASE.jar:4.3.8.RELEASE]
	at org.springframework.context.support.AbstractApplicationContext.publishEvent(AbstractApplicationContext.java:383) [spring-context-4.3.8.RELEASE.jar:4.3.8.RELEASE]
	at org.springframework.context.support.AbstractApplicationContext.publishEvent(AbstractApplicationContext.java:389) [spring-context-4.3.8.RELEASE.jar:4.3.8.RELEASE]
	at org.springframework.context.support.AbstractApplicationContext.publishEvent(AbstractApplicationContext.java:337) [spring-context-4.3.8.RELEASE.jar:4.3.8.RELEASE]
	at org.springframework.context.support.AbstractApplicationContext.doClose(AbstractApplicationContext.java:994) [spring-context-4.3.8.RELEASE.jar:4.3.8.RELEASE]
	at org.springframework.context.support.AbstractApplicationContext.close(AbstractApplicationContext.java:961) [spring-context-4.3.8.RELEASE.jar:4.3.8.RELEASE]
	at org.springframework.cloud.context.named.NamedContextFactory.destroy(NamedContextFactory.java:76) [spring-cloud-context-1.2.2.RELEASE.jar:1.2.2.RELEASE]
	at org.springframework.beans.factory.support.DisposableBeanAdapter.destroy(DisposableBeanAdapter.java:272) [spring-beans-4.3.8.RELEASE.jar:4.3.8.RELEASE]
	at org.springframework.beans.factory.support.DefaultSingletonBeanRegistry.destroyBean(DefaultSingletonBeanRegistry.java:578) [spring-beans-4.3.8.RELEASE.jar:4.3.8.RELEASE]
	at org.springframework.beans.factory.support.DefaultSingletonBeanRegistry.destroySingleton(DefaultSingletonBeanRegistry.java:554) [spring-beans-4.3.8.RELEASE.jar:4.3.8.RELEASE]
	at org.springframework.beans.factory.support.DefaultListableBeanFactory.destroySingleton(DefaultListableBeanFactory.java:961) [spring-beans-4.3.8.RELEASE.jar:4.3.8.RELEASE]
	at org.springframework.beans.factory.support.DefaultSingletonBeanRegistry.destroySingletons(DefaultSingletonBeanRegistry.java:523) [spring-beans-4.3.8.RELEASE.jar:4.3.8.RELEASE]
	at org.springframework.beans.factory.support.DefaultListableBeanFactory.destroySingletons(DefaultListableBeanFactory.java:968) [spring-beans-4.3.8.RELEASE.jar:4.3.8.RELEASE]
	at org.springframework.context.support.AbstractApplicationContext.destroyBeans(AbstractApplicationContext.java:1033) [spring-context-4.3.8.RELEASE.jar:4.3.8.RELEASE]
	at org.springframework.context.support.AbstractApplicationContext.doClose(AbstractApplicationContext.java:1009) [spring-context-4.3.8.RELEASE.jar:4.3.8.RELEASE]
	at org.springframework.context.support.AbstractApplicationContext.close(AbstractApplicationContext.java:961) [spring-context-4.3.8.RELEASE.jar:4.3.8.RELEASE]
	at org.springframework.boot.SpringApplication.handleRunFailure(SpringApplication.java:794) [spring-boot-1.5.3.RELEASE.jar:1.5.3.RELEASE]
	at org.springframework.boot.SpringApplication.run(SpringApplication.java:325) [spring-boot-1.5.3.RELEASE.jar:1.5.3.RELEASE]
	at org.springframework.boot.builder.SpringApplicationBuilder.run(SpringApplicationBuilder.java:134) [spring-boot-1.5.3.RELEASE.jar:1.5.3.RELEASE]
	at com.Application.main(Application.java:21) [classes/:na]

2017-11-06 11:31:20.147  INFO 10532 --- [main] com.Application                          : No active profile set, falling back to default profiles: default
2017-11-06 11:31:20.167  INFO 10532 --- [main] ationConfigEmbeddedWebApplicationContext : Refreshing org.springframework.boot.context.embedded.AnnotationConfigEmbeddedWebApplicationContext@3f02d1d0: startup date [Mon Nov 06 11:31:20 CST 2017]; parent: org.springframework.context.annotation.AnnotationConfigApplicationContext@6604ec21
2017-11-06 11:31:23.952  INFO 10532 --- [main] o.s.cloud.context.scope.GenericScope     : BeanFactory id=cd82f045-fb91-340a-b90d-0e09640d7b27
2017-11-06 11:31:23.976  INFO 10532 --- [main] f.a.AutowiredAnnotationBeanPostProcessor : JSR-330 'javax.inject.Inject' annotation found and supported for autowiring
2017-11-06 11:31:23.995  INFO 10532 --- [main] trationDelegate$BeanPostProcessorChecker : Bean 'com.web.DcClient' of type [org.springframework.cloud.netflix.feign.FeignClientFactoryBean] is not eligible for getting processed by all BeanPostProcessors (for example: not eligible for auto-proxying)
2017-11-06 11:31:24.105  INFO 10532 --- [main] trationDelegate$BeanPostProcessorChecker : Bean 'org.springframework.cloud.netflix.metrics.MetricsInterceptorConfiguration$MetricsRestTemplateConfiguration' of type [org.springframework.cloud.netflix.metrics.MetricsInterceptorConfiguration$MetricsRestTemplateConfiguration$$EnhancerBySpringCGLIB$$caeda472] is not eligible for getting processed by all BeanPostProcessors (for example: not eligible for auto-proxying)
2017-11-06 11:31:24.193  INFO 10532 --- [main] trationDelegate$BeanPostProcessorChecker : Bean 'org.springframework.cloud.autoconfigure.ConfigurationPropertiesRebinderAutoConfiguration' of type [org.springframework.cloud.autoconfigure.ConfigurationPropertiesRebinderAutoConfiguration$$EnhancerBySpringCGLIB$$b4db012e] is not eligible for getting processed by all BeanPostProcessors (for example: not eligible for auto-proxying)
2017-11-06 11:31:24.425  INFO 10532 --- [main] s.b.c.e.t.TomcatEmbeddedServletContainer : Tomcat initialized with port(s): 2103 (http)
2017-11-06 11:31:24.435  INFO 10532 --- [main] o.apache.catalina.core.StandardService   : Starting service Tomcat
2017-11-06 11:31:24.435  INFO 10532 --- [main] org.apache.catalina.core.StandardEngine  : Starting Servlet Engine: Apache Tomcat/8.5.14
2017-11-06 11:31:24.565  INFO 10532 --- [localhost-startStop-1] o.a.c.c.C.[Tomcat].[localhost].[/]       : Initializing Spring embedded WebApplicationContext
2017-11-06 11:31:24.566  INFO 10532 --- [localhost-startStop-1] o.s.web.context.ContextLoader            : Root WebApplicationContext: initialization completed in 4399 ms
2017-11-06 11:31:24.783  INFO 10532 --- [localhost-startStop-1] o.s.b.w.servlet.ServletRegistrationBean  : Mapping servlet: 'dispatcherServlet' to [/]
2017-11-06 11:31:24.787  INFO 10532 --- [localhost-startStop-1] o.s.b.w.servlet.FilterRegistrationBean   : Mapping filter: 'metricsFilter' to: [/*]
2017-11-06 11:31:24.787  INFO 10532 --- [localhost-startStop-1] o.s.b.w.servlet.FilterRegistrationBean   : Mapping filter: 'characterEncodingFilter' to: [/*]
2017-11-06 11:31:24.787  INFO 10532 --- [localhost-startStop-1] o.s.b.w.servlet.FilterRegistrationBean   : Mapping filter: 'hiddenHttpMethodFilter' to: [/*]
2017-11-06 11:31:24.788  INFO 10532 --- [localhost-startStop-1] o.s.b.w.servlet.FilterRegistrationBean   : Mapping filter: 'httpPutFormContentFilter' to: [/*]
2017-11-06 11:31:24.788  INFO 10532 --- [localhost-startStop-1] o.s.b.w.servlet.FilterRegistrationBean   : Mapping filter: 'requestContextFilter' to: [/*]
2017-11-06 11:31:24.788  INFO 10532 --- [localhost-startStop-1] o.s.b.w.servlet.FilterRegistrationBean   : Mapping filter: 'webRequestLoggingFilter' to: [/*]
2017-11-06 11:31:24.788  INFO 10532 --- [localhost-startStop-1] o.s.b.w.servlet.FilterRegistrationBean   : Mapping filter: 'applicationContextIdFilter' to: [/*]
2017-11-06 11:31:24.842  INFO 10532 --- [main] s.c.a.AnnotationConfigApplicationContext : Refreshing org.springframework.context.annotation.AnnotationConfigApplicationContext@c13364c: startup date [Mon Nov 06 11:31:24 CST 2017]; parent: org.springframework.boot.context.embedded.AnnotationConfigEmbeddedWebApplicationContext@3f02d1d0
2017-11-06 11:31:24.864  INFO 10532 --- [main] f.a.AutowiredAnnotationBeanPostProcessor : JSR-330 'javax.inject.Inject' annotation found and supported for autowiring
2017-11-06 11:31:25.668  INFO 10532 --- [main] s.w.s.m.m.a.RequestMappingHandlerAdapter : Looking for @ControllerAdvice: org.springframework.boot.context.embedded.AnnotationConfigEmbeddedWebApplicationContext@3f02d1d0: startup date [Mon Nov 06 11:31:20 CST 2017]; parent: org.springframework.context.annotation.AnnotationConfigApplicationContext@6604ec21
2017-11-06 11:31:25.772  INFO 10532 --- [main] s.w.s.m.m.a.RequestMappingHandlerMapping : Mapped "{[/consumer],methods=[GET]}" onto public java.lang.String com.web.DcController.dc()
2017-11-06 11:31:25.780  INFO 10532 --- [main] s.w.s.m.m.a.RequestMappingHandlerMapping : Mapped "{[/error]}" onto public org.springframework.http.ResponseEntity<java.util.Map<java.lang.String, java.lang.Object>> org.springframework.boot.autoconfigure.web.BasicErrorController.error(javax.servlet.http.HttpServletRequest)
2017-11-06 11:31:25.781  INFO 10532 --- [main] s.w.s.m.m.a.RequestMappingHandlerMapping : Mapped "{[/error],produces=[text/html]}" onto public org.springframework.web.servlet.ModelAndView org.springframework.boot.autoconfigure.web.BasicErrorController.errorHtml(javax.servlet.http.HttpServletRequest,javax.servlet.http.HttpServletResponse)
2017-11-06 11:31:25.838  INFO 10532 --- [main] o.s.w.s.handler.SimpleUrlHandlerMapping  : Mapped URL path [/webjars/**] onto handler of type [class org.springframework.web.servlet.resource.ResourceHttpRequestHandler]
2017-11-06 11:31:25.839  INFO 10532 --- [main] o.s.w.s.handler.SimpleUrlHandlerMapping  : Mapped URL path [/**] onto handler of type [class org.springframework.web.servlet.resource.ResourceHttpRequestHandler]
2017-11-06 11:31:25.895  INFO 10532 --- [main] o.s.w.s.handler.SimpleUrlHandlerMapping  : Mapped URL path [/**/favicon.ico] onto handler of type [class org.springframework.web.servlet.resource.ResourceHttpRequestHandler]
2017-11-06 11:31:26.723  INFO 10532 --- [main] o.s.b.a.e.mvc.EndpointHandlerMapping     : Mapped "{[/metrics/{name:.*}],methods=[GET],produces=[application/vnd.spring-boot.actuator.v1+json || application/json]}" onto public java.lang.Object org.springframework.boot.actuate.endpoint.mvc.MetricsMvcEndpoint.value(java.lang.String)
2017-11-06 11:31:26.723  INFO 10532 --- [main] o.s.b.a.e.mvc.EndpointHandlerMapping     : Mapped "{[/metrics || /metrics.json],methods=[GET],produces=[application/vnd.spring-boot.actuator.v1+json || application/json]}" onto public java.lang.Object org.springframework.boot.actuate.endpoint.mvc.EndpointMvcAdapter.invoke()
2017-11-06 11:31:26.725  INFO 10532 --- [main] o.s.b.a.e.mvc.EndpointHandlerMapping     : Mapped "{[/heapdump || /heapdump.json],methods=[GET],produces=[application/octet-stream]}" onto public void org.springframework.boot.actuate.endpoint.mvc.HeapdumpMvcEndpoint.invoke(boolean,javax.servlet.http.HttpServletRequest,javax.servlet.http.HttpServletResponse) throws java.io.IOException,javax.servlet.ServletException
2017-11-06 11:31:26.726  INFO 10532 --- [main] o.s.b.a.e.mvc.EndpointHandlerMapping     : Mapped "{[/autoconfig || /autoconfig.json],methods=[GET],produces=[application/vnd.spring-boot.actuator.v1+json || application/json]}" onto public java.lang.Object org.springframework.boot.actuate.endpoint.mvc.EndpointMvcAdapter.invoke()
2017-11-06 11:31:26.727  INFO 10532 --- [main] o.s.b.a.e.mvc.EndpointHandlerMapping     : Mapped "{[/refresh || /refresh.json],methods=[POST]}" onto public java.lang.Object org.springframework.cloud.endpoint.GenericPostableMvcEndpoint.invoke()
2017-11-06 11:31:26.728  INFO 10532 --- [main] o.s.b.a.e.mvc.EndpointHandlerMapping     : Mapped "{[/archaius || /archaius.json],methods=[GET],produces=[application/vnd.spring-boot.actuator.v1+json || application/json]}" onto public java.lang.Object org.springframework.boot.actuate.endpoint.mvc.EndpointMvcAdapter.invoke()
2017-11-06 11:31:26.729  INFO 10532 --- [main] o.s.b.a.e.mvc.EndpointHandlerMapping     : Mapped "{[/configprops || /configprops.json],methods=[GET],produces=[application/vnd.spring-boot.actuator.v1+json || application/json]}" onto public java.lang.Object org.springframework.boot.actuate.endpoint.mvc.EndpointMvcAdapter.invoke()
2017-11-06 11:31:26.730  INFO 10532 --- [main] o.s.b.a.e.mvc.EndpointHandlerMapping     : Mapped "{[/info || /info.json],methods=[GET],produces=[application/vnd.spring-boot.actuator.v1+json || application/json]}" onto public java.lang.Object org.springframework.boot.actuate.endpoint.mvc.EndpointMvcAdapter.invoke()
2017-11-06 11:31:26.732  INFO 10532 --- [main] o.s.b.a.e.mvc.EndpointHandlerMapping     : Mapped "{[/auditevents || /auditevents.json],methods=[GET],produces=[application/vnd.spring-boot.actuator.v1+json || application/json]}" onto public org.springframework.http.ResponseEntity<?> org.springframework.boot.actuate.endpoint.mvc.AuditEventsMvcEndpoint.findByPrincipalAndAfterAndType(java.lang.String,java.util.Date,java.lang.String)
2017-11-06 11:31:26.733  INFO 10532 --- [main] o.s.b.a.e.mvc.EndpointHandlerMapping     : Mapped "{[/mappings || /mappings.json],methods=[GET],produces=[application/vnd.spring-boot.actuator.v1+json || application/json]}" onto public java.lang.Object org.springframework.boot.actuate.endpoint.mvc.EndpointMvcAdapter.invoke()
2017-11-06 11:31:26.734  INFO 10532 --- [main] o.s.b.a.e.mvc.EndpointHandlerMapping     : Mapped "{[/resume || /resume.json],methods=[POST]}" onto public java.lang.Object org.springframework.cloud.endpoint.GenericPostableMvcEndpoint.invoke()
2017-11-06 11:31:26.736  INFO 10532 --- [main] o.s.b.a.e.mvc.EndpointHandlerMapping     : Mapped "{[/restart || /restart.json],methods=[POST]}" onto public java.lang.Object org.springframework.cloud.context.restart.RestartMvcEndpoint.invoke()
2017-11-06 11:31:26.737  INFO 10532 --- [main] o.s.b.a.e.mvc.EndpointHandlerMapping     : Mapped "{[/dump || /dump.json],methods=[GET],produces=[application/vnd.spring-boot.actuator.v1+json || application/json]}" onto public java.lang.Object org.springframework.boot.actuate.endpoint.mvc.EndpointMvcAdapter.invoke()
2017-11-06 11:31:26.738  INFO 10532 --- [main] o.s.b.a.e.mvc.EndpointHandlerMapping     : Mapped "{[/logfile || /logfile.json],methods=[GET || HEAD]}" onto public void org.springframework.boot.actuate.endpoint.mvc.LogFileMvcEndpoint.invoke(javax.servlet.http.HttpServletRequest,javax.servlet.http.HttpServletResponse) throws javax.servlet.ServletException,java.io.IOException
2017-11-06 11:31:26.739  INFO 10532 --- [main] o.s.b.a.e.mvc.EndpointHandlerMapping     : Mapped "{[/env],methods=[POST]}" onto public java.lang.Object org.springframework.cloud.context.environment.EnvironmentManagerMvcEndpoint.value(java.util.Map<java.lang.String, java.lang.String>)
2017-11-06 11:31:26.740  INFO 10532 --- [main] o.s.b.a.e.mvc.EndpointHandlerMapping     : Mapped "{[/env/reset],methods=[POST]}" onto public java.util.Map<java.lang.String, java.lang.Object> org.springframework.cloud.context.environment.EnvironmentManagerMvcEndpoint.reset()
2017-11-06 11:31:26.741  INFO 10532 --- [main] o.s.b.a.e.mvc.EndpointHandlerMapping     : Mapped "{[/trace || /trace.json],methods=[GET],produces=[application/vnd.spring-boot.actuator.v1+json || application/json]}" onto public java.lang.Object org.springframework.boot.actuate.endpoint.mvc.EndpointMvcAdapter.invoke()
2017-11-06 11:31:26.744  INFO 10532 --- [main] o.s.b.a.e.mvc.EndpointHandlerMapping     : Mapped "{[/pause || /pause.json],methods=[POST]}" onto public java.lang.Object org.springframework.cloud.endpoint.GenericPostableMvcEndpoint.invoke()
2017-11-06 11:31:26.746  INFO 10532 --- [main] o.s.b.a.e.mvc.EndpointHandlerMapping     : Mapped "{[/env/{name:.*}],methods=[GET],produces=[application/vnd.spring-boot.actuator.v1+json || application/json]}" onto public java.lang.Object org.springframework.boot.actuate.endpoint.mvc.EnvironmentMvcEndpoint.value(java.lang.String)
2017-11-06 11:31:26.746  INFO 10532 --- [main] o.s.b.a.e.mvc.EndpointHandlerMapping     : Mapped "{[/env || /env.json],methods=[GET],produces=[application/vnd.spring-boot.actuator.v1+json || application/json]}" onto public java.lang.Object org.springframework.boot.actuate.endpoint.mvc.EndpointMvcAdapter.invoke()
2017-11-06 11:31:26.749  INFO 10532 --- [main] o.s.b.a.e.mvc.EndpointHandlerMapping     : Mapped "{[/loggers/{name:.*}],methods=[GET],produces=[application/vnd.spring-boot.actuator.v1+json || application/json]}" onto public java.lang.Object org.springframework.boot.actuate.endpoint.mvc.LoggersMvcEndpoint.get(java.lang.String)
2017-11-06 11:31:26.749  INFO 10532 --- [main] o.s.b.a.e.mvc.EndpointHandlerMapping     : Mapped "{[/loggers/{name:.*}],methods=[POST],consumes=[application/vnd.spring-boot.actuator.v1+json || application/json],produces=[application/vnd.spring-boot.actuator.v1+json || application/json]}" onto public java.lang.Object org.springframework.boot.actuate.endpoint.mvc.LoggersMvcEndpoint.set(java.lang.String,java.util.Map<java.lang.String, java.lang.String>)
2017-11-06 11:31:26.750  INFO 10532 --- [main] o.s.b.a.e.mvc.EndpointHandlerMapping     : Mapped "{[/loggers || /loggers.json],methods=[GET],produces=[application/vnd.spring-boot.actuator.v1+json || application/json]}" onto public java.lang.Object org.springframework.boot.actuate.endpoint.mvc.EndpointMvcAdapter.invoke()
2017-11-06 11:31:26.751  INFO 10532 --- [main] o.s.b.a.e.mvc.EndpointHandlerMapping     : Mapped "{[/features || /features.json],methods=[GET],produces=[application/vnd.spring-boot.actuator.v1+json || application/json]}" onto public java.lang.Object org.springframework.boot.actuate.endpoint.mvc.EndpointMvcAdapter.invoke()
2017-11-06 11:31:26.752  INFO 10532 --- [main] o.s.b.a.e.mvc.EndpointHandlerMapping     : Mapped "{[/beans || /beans.json],methods=[GET],produces=[application/vnd.spring-boot.actuator.v1+json || application/json]}" onto public java.lang.Object org.springframework.boot.actuate.endpoint.mvc.EndpointMvcAdapter.invoke()
2017-11-06 11:31:26.753  INFO 10532 --- [main] o.s.b.a.e.mvc.EndpointHandlerMapping     : Mapped "{[/service-registry/instance-status],methods=[GET]}" onto public org.springframework.http.ResponseEntity org.springframework.cloud.client.serviceregistry.endpoint.ServiceRegistryEndpoint.getStatus()
2017-11-06 11:31:26.753  INFO 10532 --- [main] o.s.b.a.e.mvc.EndpointHandlerMapping     : Mapped "{[/service-registry/instance-status],methods=[POST]}" onto public org.springframework.http.ResponseEntity<?> org.springframework.cloud.client.serviceregistry.endpoint.ServiceRegistryEndpoint.setStatus(java.lang.String)
2017-11-06 11:31:26.754  INFO 10532 --- [main] o.s.b.a.e.mvc.EndpointHandlerMapping     : Mapped "{[/health || /health.json],methods=[GET],produces=[application/vnd.spring-boot.actuator.v1+json || application/json]}" onto public java.lang.Object org.springframework.boot.actuate.endpoint.mvc.HealthMvcEndpoint.invoke(javax.servlet.http.HttpServletRequest,java.security.Principal)
2017-11-06 11:31:26.975  WARN 10532 --- [main] c.n.c.sources.URLConfigurationSource     : No URLs will be polled as dynamic configuration sources.
2017-11-06 11:31:26.976  INFO 10532 --- [main] c.n.c.sources.URLConfigurationSource     : To enable URLs as dynamic configuration sources, define System property archaius.configurationSource.additionalUrls or make config.properties available on classpath.
2017-11-06 11:31:26.981  WARN 10532 --- [main] c.n.c.sources.URLConfigurationSource     : No URLs will be polled as dynamic configuration sources.
2017-11-06 11:31:26.982  INFO 10532 --- [main] c.n.c.sources.URLConfigurationSource     : To enable URLs as dynamic configuration sources, define System property archaius.configurationSource.additionalUrls or make config.properties available on classpath.
2017-11-06 11:31:27.332  INFO 10532 --- [main] o.s.j.e.a.AnnotationMBeanExporter        : Registering beans for JMX exposure on startup
2017-11-06 11:31:27.342  INFO 10532 --- [main] o.s.j.e.a.AnnotationMBeanExporter        : Bean with name 'environmentManager' has been autodetected for JMX exposure
2017-11-06 11:31:27.344  INFO 10532 --- [main] o.s.j.e.a.AnnotationMBeanExporter        : Bean with name 'configurationPropertiesRebinder' has been autodetected for JMX exposure
2017-11-06 11:31:27.344  INFO 10532 --- [main] o.s.j.e.a.AnnotationMBeanExporter        : Bean with name 'refreshEndpoint' has been autodetected for JMX exposure
2017-11-06 11:31:27.345  INFO 10532 --- [main] o.s.j.e.a.AnnotationMBeanExporter        : Bean with name 'restartEndpoint' has been autodetected for JMX exposure
2017-11-06 11:31:27.346  INFO 10532 --- [main] o.s.j.e.a.AnnotationMBeanExporter        : Bean with name 'serviceRegistryEndpoint' has been autodetected for JMX exposure
2017-11-06 11:31:27.347  INFO 10532 --- [main] o.s.j.e.a.AnnotationMBeanExporter        : Bean with name 'refreshScope' has been autodetected for JMX exposure
2017-11-06 11:31:27.349  INFO 10532 --- [main] o.s.j.e.a.AnnotationMBeanExporter        : Located managed bean 'environmentManager': registering with JMX server as MBean [org.springframework.cloud.context.environment:name=environmentManager,type=EnvironmentManager]
2017-11-06 11:31:27.362  INFO 10532 --- [main] o.s.j.e.a.AnnotationMBeanExporter        : Located managed bean 'refreshScope': registering with JMX server as MBean [org.springframework.cloud.context.scope.refresh:name=refreshScope,type=RefreshScope]
2017-11-06 11:31:27.375  INFO 10532 --- [main] o.s.j.e.a.AnnotationMBeanExporter        : Located managed bean 'restartEndpoint': registering with JMX server as MBean [org.springframework.cloud.context.restart:name=restartEndpoint,type=RestartEndpoint]
2017-11-06 11:31:27.389  INFO 10532 --- [main] o.s.j.e.a.AnnotationMBeanExporter        : Located managed bean 'serviceRegistryEndpoint': registering with JMX server as MBean [org.springframework.cloud.client.serviceregistry.endpoint:name=serviceRegistryEndpoint,type=ServiceRegistryEndpoint]
2017-11-06 11:31:27.394  INFO 10532 --- [main] o.s.j.e.a.AnnotationMBeanExporter        : Located managed bean 'refreshEndpoint': registering with JMX server as MBean [org.springframework.cloud.endpoint:name=refreshEndpoint,type=RefreshEndpoint]
2017-11-06 11:31:27.397  INFO 10532 --- [main] o.s.j.e.a.AnnotationMBeanExporter        : Located managed bean 'configurationPropertiesRebinder': registering with JMX server as MBean [org.springframework.cloud.context.properties:name=configurationPropertiesRebinder,context=3f02d1d0,type=ConfigurationPropertiesRebinder]
2017-11-06 11:31:27.608  INFO 10532 --- [main] o.s.c.support.DefaultLifecycleProcessor  : Starting beans in phase 0
2017-11-06 11:31:27.617  INFO 10532 --- [main] o.s.c.n.eureka.InstanceInfoFactory       : Setting initial instance status as: STARTING
2017-11-06 11:31:27.658  INFO 10532 --- [main] com.netflix.discovery.DiscoveryClient    : Initializing Eureka in region us-east-1
2017-11-06 11:31:27.856  INFO 10532 --- [main] c.n.d.provider.DiscoveryJerseyProvider   : Using JSON encoding codec LegacyJacksonJson
2017-11-06 11:31:27.856  INFO 10532 --- [main] c.n.d.provider.DiscoveryJerseyProvider   : Using JSON decoding codec LegacyJacksonJson
2017-11-06 11:31:27.981  INFO 10532 --- [main] c.n.d.provider.DiscoveryJerseyProvider   : Using XML encoding codec XStreamXml
2017-11-06 11:31:27.981  INFO 10532 --- [main] c.n.d.provider.DiscoveryJerseyProvider   : Using XML decoding codec XStreamXml
2017-11-06 11:31:28.151  INFO 10532 --- [main] c.n.d.s.r.aws.ConfigClusterResolver      : Resolving eureka endpoints via configuration
2017-11-06 11:31:28.357  INFO 10532 --- [main] com.netflix.discovery.DiscoveryClient    : Disable delta property : false
2017-11-06 11:31:28.357  INFO 10532 --- [main] com.netflix.discovery.DiscoveryClient    : Single vip registry refresh property : null
2017-11-06 11:31:28.357  INFO 10532 --- [main] com.netflix.discovery.DiscoveryClient    : Force full registry fetch : false
2017-11-06 11:31:28.357  INFO 10532 --- [main] com.netflix.discovery.DiscoveryClient    : Application is null : false
2017-11-06 11:31:28.357  INFO 10532 --- [main] com.netflix.discovery.DiscoveryClient    : Registered Applications size is zero : true
2017-11-06 11:31:28.357  INFO 10532 --- [main] com.netflix.discovery.DiscoveryClient    : Application version is -1: true
2017-11-06 11:31:28.357  INFO 10532 --- [main] com.netflix.discovery.DiscoveryClient    : Getting all instance registry info from the eureka server
2017-11-06 11:31:28.482  INFO 10532 --- [main] com.netflix.discovery.DiscoveryClient    : The response status is 200
2017-11-06 11:31:28.483  INFO 10532 --- [main] com.netflix.discovery.DiscoveryClient    : Starting heartbeat executor: renew interval is: 30
2017-11-06 11:31:28.485  INFO 10532 --- [main] c.n.discovery.InstanceInfoReplicator     : InstanceInfoReplicator onDemand update allowed rate per min is 4
2017-11-06 11:31:28.489  INFO 10532 --- [main] com.netflix.discovery.DiscoveryClient    : Discovery Client initialized at timestamp 1509939088489 with initial instances count: 0
2017-11-06 11:31:28.525  INFO 10532 --- [main] o.s.c.n.e.s.EurekaServiceRegistry        : Registering application eureka-consumer-feign with eureka with status UP
2017-11-06 11:31:28.526  INFO 10532 --- [main] com.netflix.discovery.DiscoveryClient    : Saw local status change event StatusChangeEvent [timestamp=1509939088526, current=UP, previous=STARTING]
2017-11-06 11:31:28.528  INFO 10532 --- [DiscoveryClient-InstanceInfoReplicator-0] com.netflix.discovery.DiscoveryClient    : DiscoveryClient_EUREKA-CONSUMER-FEIGN/admin-PC:eureka-consumer-feign:2103: registering service...
2017-11-06 11:31:28.589  INFO 10532 --- [DiscoveryClient-InstanceInfoReplicator-0] com.netflix.discovery.DiscoveryClient    : DiscoveryClient_EUREKA-CONSUMER-FEIGN/admin-PC:eureka-consumer-feign:2103 - registration status: 204
2017-11-06 11:31:28.655  INFO 10532 --- [main] s.b.c.e.t.TomcatEmbeddedServletContainer : Tomcat started on port(s): 2103 (http)
2017-11-06 11:31:28.657  INFO 10532 --- [main] .s.c.n.e.s.EurekaAutoServiceRegistration : Updating port to 2103
2017-11-06 11:31:28.661  INFO 10532 --- [main] com.Application                          : Started Application in 9.765 seconds (JVM running for 10.058)
2017-11-06 11:31:39.297  INFO 10532 --- [http-nio-2103-exec-4] o.apache.tomcat.util.http.parser.Cookie  : A cookie header was received [1509587998,1509693916,1509933528; Hm_lpvt_765ecde8c11b85f1ac5f168fa6e6821f=1509938542] that contained an invalid cookie. That cookie will be ignored.Note: further occurrences of this error will be logged at DEBUG level.
2017-11-06 11:31:39.304  INFO 10532 --- [http-nio-2103-exec-4] o.a.c.c.C.[Tomcat].[localhost].[/]       : Initializing Spring FrameworkServlet 'dispatcherServlet'
2017-11-06 11:31:39.304  INFO 10532 --- [http-nio-2103-exec-4] o.s.web.servlet.DispatcherServlet        : FrameworkServlet 'dispatcherServlet': initialization started
2017-11-06 11:31:39.318  INFO 10532 --- [http-nio-2103-exec-4] o.s.web.servlet.DispatcherServlet        : FrameworkServlet 'dispatcherServlet': initialization completed in 14 ms
2017-11-06 11:31:39.507  INFO 10532 --- [hystrix-eureka-client-1] s.c.a.AnnotationConfigApplicationContext : Refreshing org.springframework.context.annotation.AnnotationConfigApplicationContext@6fc03089: startup date [Mon Nov 06 11:31:39 CST 2017]; parent: org.springframework.boot.context.embedded.AnnotationConfigEmbeddedWebApplicationContext@3f02d1d0
2017-11-06 11:31:39.552  INFO 10532 --- [hystrix-eureka-client-1] f.a.AutowiredAnnotationBeanPostProcessor : JSR-330 'javax.inject.Inject' annotation found and supported for autowiring
2017-11-06 11:31:39.674  INFO 10532 --- [hystrix-eureka-client-1] c.netflix.config.ChainedDynamicProperty  : Flipping property: eureka-client.ribbon.ActiveConnectionsLimit to use NEXT property: niws.loadbalancer.availabilityFilteringRule.activeConnectionsLimit = 2147483647
2017-11-06 11:31:39.688  INFO 10532 --- [hystrix-eureka-client-1] c.n.u.concurrent.ShutdownEnabledTimer    : Shutdown hook installed for: NFLoadBalancer-PingTimer-eureka-client
2017-11-06 11:31:39.705  INFO 10532 --- [hystrix-eureka-client-1] c.netflix.loadbalancer.BaseLoadBalancer  : Client: eureka-client instantiated a LoadBalancer: DynamicServerListLoadBalancer:{NFLoadBalancer:name=eureka-client,current list of Servers=[],Load balancer stats=Zone stats: {},Server stats: []}ServerList:null
2017-11-06 11:31:39.710  INFO 10532 --- [hystrix-eureka-client-1] c.n.l.DynamicServerListLoadBalancer      : Using serverListUpdater PollingServerListUpdater
2017-11-06 11:31:39.713  INFO 10532 --- [hystrix-eureka-client-1] c.n.l.DynamicServerListLoadBalancer      : DynamicServerListLoadBalancer for client eureka-client initialized: DynamicServerListLoadBalancer:{NFLoadBalancer:name=eureka-client,current list of Servers=[],Load balancer stats=Zone stats: {},Server stats: []}ServerList:org.springframework.cloud.netflix.ribbon.eureka.DomainExtractingServerList@3f44f876
